CRITICAL - 2023-06-16 20:59:21 --> Undefined variable $titulo
in APPPATH\Views\admin\reporte\ReporteVentaTienda.php on line 5.
 1 APPPATH\Views\admin\reporte\ReporteVentaTienda.php(5): CodeIgniter\Debug\Exceptions->errorHandler(2, 'Undefined variable $titulo', 'C:\\xampp\\htdocs\\SistemaFrutal\\app\\Views\\admin\\reporte\\ReporteVentaTienda.php', 5)
 2 SYSTEMPATH\View\View.php(213): include('C:\\xampp\\htdocs\\SistemaFrutal\\app\\Views\\admin\\reporte\\ReporteVentaTienda.php')
 3 SYSTEMPATH\View\View.php(216): CodeIgniter\View\View->CodeIgniter\View\{closure}()
 4 SYSTEMPATH\Common.php(1184): CodeIgniter\View\View->render('admin/reporte/ReporteVentaTienda', [], true)
 5 APPPATH\Controllers\Admin.php(801): view('admin/reporte/ReporteVentaTienda', [...])
 6 SYSTEMPATH\CodeIgniter.php(934): App\Controllers\Admin->reporte('venta_tienda', '0')
 7 SYSTEMPATH\CodeIgniter.php(499): CodeIgniter\CodeIgniter->runController(Object(App\Controllers\Admin))
 8 SYSTEMPATH\CodeIgniter.php(368): CodeIgniter\CodeIgniter->handleRequest(null, Object(Config\Cache), false)
 9 FCPATH\index.php(67): CodeIgniter\CodeIgniter->run()
CRITICAL - 2023-06-16 21:00:04 --> Undefined variable $titulo
in APPPATH\Views\admin\reporte\ReporteVentaTienda.php on line 5.
 1 APPPATH\Views\admin\reporte\ReporteVentaTienda.php(5): CodeIgniter\Debug\Exceptions->errorHandler(2, 'Undefined variable $titulo', 'C:\\xampp\\htdocs\\SistemaFrutal\\app\\Views\\admin\\reporte\\ReporteVentaTienda.php', 5)
 2 SYSTEMPATH\View\View.php(213): include('C:\\xampp\\htdocs\\SistemaFrutal\\app\\Views\\admin\\reporte\\ReporteVentaTienda.php')
 3 SYSTEMPATH\View\View.php(216): CodeIgniter\View\View->CodeIgniter\View\{closure}()
 4 SYSTEMPATH\Common.php(1184): CodeIgniter\View\View->render('admin/reporte/ReporteVentaTienda', [], true)
 5 APPPATH\Controllers\Admin.php(801): view('admin/reporte/ReporteVentaTienda', [...])
 6 SYSTEMPATH\CodeIgniter.php(934): App\Controllers\Admin->reporte('venta_tienda', '0')
 7 SYSTEMPATH\CodeIgniter.php(499): CodeIgniter\CodeIgniter->runController(Object(App\Controllers\Admin))
 8 SYSTEMPATH\CodeIgniter.php(368): CodeIgniter\CodeIgniter->handleRequest(null, Object(Config\Cache), false)
 9 FCPATH\index.php(67): CodeIgniter\CodeIgniter->run()
