CRITICAL - 2023-06-11 01:02:22 --> Undefined array key "nombre"
in APPPATH\Controllers\Producto.php on line 217.
 1 APPPATH\Controllers\Producto.php(217): CodeIgniter\Debug\Exceptions->errorHandler(2, 'Undefined array key "nombre"', 'C:\\xampp\\htdocs\\SistemaFrutal\\app\\Controllers\\Producto.php', 217)
 2 SYSTEMPATH\CodeIgniter.php(934): App\Controllers\Producto->EnviarCorreoOfertasWhatsapp()
 3 SYSTEMPATH\CodeIgniter.php(499): CodeIgniter\CodeIgniter->runController(Object(App\Controllers\Producto))
 4 SYSTEMPATH\CodeIgniter.php(368): CodeIgniter\CodeIgniter->handleRequest(null, Object(Config\Cache), false)
 5 FCPATH\index.php(67): CodeIgniter\CodeIgniter->run()
CRITICAL - 2023-06-11 18:25:46 --> http_build_query(): Argument #1 ($data) must be of type array, string given
in APPPATH\Controllers\Producto.php on line 232.
 1 APPPATH\Controllers\Producto.php(232): http_build_query('dd')
 2 SYSTEMPATH\CodeIgniter.php(934): App\Controllers\Producto->EnviarCorreoOfertasWhatsapp()
 3 SYSTEMPATH\CodeIgniter.php(499): CodeIgniter\CodeIgniter->runController(Object(App\Controllers\Producto))
 4 SYSTEMPATH\CodeIgniter.php(368): CodeIgniter\CodeIgniter->handleRequest(null, Object(Config\Cache), false)
 5 FCPATH\index.php(67): CodeIgniter\CodeIgniter->run()
CRITICAL - 2023-06-11 18:25:51 --> http_build_query(): Argument #1 ($data) must be of type array, string given
in APPPATH\Controllers\Producto.php on line 232.
 1 APPPATH\Controllers\Producto.php(232): http_build_query('dd')
 2 SYSTEMPATH\CodeIgniter.php(934): App\Controllers\Producto->EnviarCorreoOfertasWhatsapp()
 3 SYSTEMPATH\CodeIgniter.php(499): CodeIgniter\CodeIgniter->runController(Object(App\Controllers\Producto))
 4 SYSTEMPATH\CodeIgniter.php(368): CodeIgniter\CodeIgniter->handleRequest(null, Object(Config\Cache), false)
 5 FCPATH\index.php(67): CodeIgniter\CodeIgniter->run()
