CRITICAL - 2023-05-17 01:01:16 --> Call to a member function prepare() on null
in APPPATH\Models\ModeloUsuario.php on line 32.
 1 APPPATH\Controllers\Usuario.php(25): App\Models\ModeloUsuario->Credenciales('admin', '123')
 2 SYSTEMPATH\CodeIgniter.php(934): App\Controllers\Usuario->Credenciales()
 3 SYSTEMPATH\CodeIgniter.php(499): CodeIgniter\CodeIgniter->runController(Object(App\Controllers\Usuario))
 4 SYSTEMPATH\CodeIgniter.php(368): CodeIgniter\CodeIgniter->handleRequest(null, Object(Config\Cache), false)
 5 FCPATH\index.php(67): CodeIgniter\CodeIgniter->run()
CRITICAL - 2023-05-17 20:40:00 --> Undefined variable $editar
in APPPATH\Views\admin\produccion\FormPerdida.php on line 76.
 1 APPPATH\Views\admin\produccion\FormPerdida.php(76): CodeIgniter\Debug\Exceptions->errorHandler(2, 'Undefined variable $editar', 'C:\\xampp\\htdocs\\SistemaFrutal\\app\\Views\\admin\\produccion\\FormPerdida.php', 76)
 2 SYSTEMPATH\View\View.php(213): include('C:\\xampp\\htdocs\\SistemaFrutal\\app\\Views\\admin\\produccion\\FormPerdida.php')
 3 SYSTEMPATH\View\View.php(216): CodeIgniter\View\View->CodeIgniter\View\{closure}()
 4 SYSTEMPATH\Common.php(1184): CodeIgniter\View\View->render('admin/produccion/FormPerdida.php', [], true)
 5 APPPATH\Controllers\Admin.php(647): view('admin/produccion/FormPerdida.php', [...])
 6 SYSTEMPATH\CodeIgniter.php(934): App\Controllers\Admin->produccion('newperdida', '0')
 7 SYSTEMPATH\CodeIgniter.php(499): CodeIgniter\CodeIgniter->runController(Object(App\Controllers\Admin))
 8 SYSTEMPATH\CodeIgniter.php(368): CodeIgniter\CodeIgniter->handleRequest(null, Object(Config\Cache), false)
 9 FCPATH\index.php(67): CodeIgniter\CodeIgniter->run()
CRITICAL - 2023-05-17 20:40:01 --> Undefined variable $editar
in APPPATH\Views\admin\produccion\FormPerdida.php on line 76.
 1 APPPATH\Views\admin\produccion\FormPerdida.php(76): CodeIgniter\Debug\Exceptions->errorHandler(2, 'Undefined variable $editar', 'C:\\xampp\\htdocs\\SistemaFrutal\\app\\Views\\admin\\produccion\\FormPerdida.php', 76)
 2 SYSTEMPATH\View\View.php(213): include('C:\\xampp\\htdocs\\SistemaFrutal\\app\\Views\\admin\\produccion\\FormPerdida.php')
 3 SYSTEMPATH\View\View.php(216): CodeIgniter\View\View->CodeIgniter\View\{closure}()
 4 SYSTEMPATH\Common.php(1184): CodeIgniter\View\View->render('admin/produccion/FormPerdida.php', [], true)
 5 APPPATH\Controllers\Admin.php(647): view('admin/produccion/FormPerdida.php', [...])
 6 SYSTEMPATH\CodeIgniter.php(934): App\Controllers\Admin->produccion('newperdida', '0')
 7 SYSTEMPATH\CodeIgniter.php(499): CodeIgniter\CodeIgniter->runController(Object(App\Controllers\Admin))
 8 SYSTEMPATH\CodeIgniter.php(368): CodeIgniter\CodeIgniter->handleRequest(null, Object(Config\Cache), false)
 9 FCPATH\index.php(67): CodeIgniter\CodeIgniter->run()
CRITICAL - 2023-05-17 20:40:01 --> Undefined variable $editar
in APPPATH\Views\admin\produccion\FormPerdida.php on line 76.
 1 APPPATH\Views\admin\produccion\FormPerdida.php(76): CodeIgniter\Debug\Exceptions->errorHandler(2, 'Undefined variable $editar', 'C:\\xampp\\htdocs\\SistemaFrutal\\app\\Views\\admin\\produccion\\FormPerdida.php', 76)
 2 SYSTEMPATH\View\View.php(213): include('C:\\xampp\\htdocs\\SistemaFrutal\\app\\Views\\admin\\produccion\\FormPerdida.php')
 3 SYSTEMPATH\View\View.php(216): CodeIgniter\View\View->CodeIgniter\View\{closure}()
 4 SYSTEMPATH\Common.php(1184): CodeIgniter\View\View->render('admin/produccion/FormPerdida.php', [], true)
 5 APPPATH\Controllers\Admin.php(647): view('admin/produccion/FormPerdida.php', [...])
 6 SYSTEMPATH\CodeIgniter.php(934): App\Controllers\Admin->produccion('newperdida', '0')
 7 SYSTEMPATH\CodeIgniter.php(499): CodeIgniter\CodeIgniter->runController(Object(App\Controllers\Admin))
 8 SYSTEMPATH\CodeIgniter.php(368): CodeIgniter\CodeIgniter->handleRequest(null, Object(Config\Cache), false)
 9 FCPATH\index.php(67): CodeIgniter\CodeIgniter->run()
CRITICAL - 2023-05-17 20:40:12 --> Undefined variable $editar
in APPPATH\Views\admin\produccion\FormPerdida.php on line 76.
 1 APPPATH\Views\admin\produccion\FormPerdida.php(76): CodeIgniter\Debug\Exceptions->errorHandler(2, 'Undefined variable $editar', 'C:\\xampp\\htdocs\\SistemaFrutal\\app\\Views\\admin\\produccion\\FormPerdida.php', 76)
 2 SYSTEMPATH\View\View.php(213): include('C:\\xampp\\htdocs\\SistemaFrutal\\app\\Views\\admin\\produccion\\FormPerdida.php')
 3 SYSTEMPATH\View\View.php(216): CodeIgniter\View\View->CodeIgniter\View\{closure}()
 4 SYSTEMPATH\Common.php(1184): CodeIgniter\View\View->render('admin/produccion/FormPerdida.php', [], true)
 5 APPPATH\Controllers\Admin.php(647): view('admin/produccion/FormPerdida.php', [...])
 6 SYSTEMPATH\CodeIgniter.php(934): App\Controllers\Admin->produccion('newperdida', '0')
 7 SYSTEMPATH\CodeIgniter.php(499): CodeIgniter\CodeIgniter->runController(Object(App\Controllers\Admin))
 8 SYSTEMPATH\CodeIgniter.php(368): CodeIgniter\CodeIgniter->handleRequest(null, Object(Config\Cache), false)
 9 FCPATH\index.php(67): CodeIgniter\CodeIgniter->run()
CRITICAL - 2023-05-17 20:40:57 --> Undefined variable $editar
in APPPATH\Views\admin\produccion\FormPerdida.php on line 74.
 1 APPPATH\Views\admin\produccion\FormPerdida.php(74): CodeIgniter\Debug\Exceptions->errorHandler(2, 'Undefined variable $editar', 'C:\\xampp\\htdocs\\SistemaFrutal\\app\\Views\\admin\\produccion\\FormPerdida.php', 74)
 2 SYSTEMPATH\View\View.php(213): include('C:\\xampp\\htdocs\\SistemaFrutal\\app\\Views\\admin\\produccion\\FormPerdida.php')
 3 SYSTEMPATH\View\View.php(216): CodeIgniter\View\View->CodeIgniter\View\{closure}()
 4 SYSTEMPATH\Common.php(1184): CodeIgniter\View\View->render('admin/produccion/FormPerdida.php', [], true)
 5 APPPATH\Controllers\Admin.php(647): view('admin/produccion/FormPerdida.php', [...])
 6 SYSTEMPATH\CodeIgniter.php(934): App\Controllers\Admin->produccion('newperdida', '0')
 7 SYSTEMPATH\CodeIgniter.php(499): CodeIgniter\CodeIgniter->runController(Object(App\Controllers\Admin))
 8 SYSTEMPATH\CodeIgniter.php(368): CodeIgniter\CodeIgniter->handleRequest(null, Object(Config\Cache), false)
 9 FCPATH\index.php(67): CodeIgniter\CodeIgniter->run()
CRITICAL - 2023-05-17 20:40:57 --> Undefined variable $editar
in APPPATH\Views\admin\produccion\FormPerdida.php on line 74.
 1 APPPATH\Views\admin\produccion\FormPerdida.php(74): CodeIgniter\Debug\Exceptions->errorHandler(2, 'Undefined variable $editar', 'C:\\xampp\\htdocs\\SistemaFrutal\\app\\Views\\admin\\produccion\\FormPerdida.php', 74)
 2 SYSTEMPATH\View\View.php(213): include('C:\\xampp\\htdocs\\SistemaFrutal\\app\\Views\\admin\\produccion\\FormPerdida.php')
 3 SYSTEMPATH\View\View.php(216): CodeIgniter\View\View->CodeIgniter\View\{closure}()
 4 SYSTEMPATH\Common.php(1184): CodeIgniter\View\View->render('admin/produccion/FormPerdida.php', [], true)
 5 APPPATH\Controllers\Admin.php(647): view('admin/produccion/FormPerdida.php', [...])
 6 SYSTEMPATH\CodeIgniter.php(934): App\Controllers\Admin->produccion('newperdida', '0')
 7 SYSTEMPATH\CodeIgniter.php(499): CodeIgniter\CodeIgniter->runController(Object(App\Controllers\Admin))
 8 SYSTEMPATH\CodeIgniter.php(368): CodeIgniter\CodeIgniter->handleRequest(null, Object(Config\Cache), false)
 9 FCPATH\index.php(67): CodeIgniter\CodeIgniter->run()
CRITICAL - 2023-05-17 20:40:58 --> Undefined variable $editar
in APPPATH\Views\admin\produccion\FormPerdida.php on line 74.
 1 APPPATH\Views\admin\produccion\FormPerdida.php(74): CodeIgniter\Debug\Exceptions->errorHandler(2, 'Undefined variable $editar', 'C:\\xampp\\htdocs\\SistemaFrutal\\app\\Views\\admin\\produccion\\FormPerdida.php', 74)
 2 SYSTEMPATH\View\View.php(213): include('C:\\xampp\\htdocs\\SistemaFrutal\\app\\Views\\admin\\produccion\\FormPerdida.php')
 3 SYSTEMPATH\View\View.php(216): CodeIgniter\View\View->CodeIgniter\View\{closure}()
 4 SYSTEMPATH\Common.php(1184): CodeIgniter\View\View->render('admin/produccion/FormPerdida.php', [], true)
 5 APPPATH\Controllers\Admin.php(647): view('admin/produccion/FormPerdida.php', [...])
 6 SYSTEMPATH\CodeIgniter.php(934): App\Controllers\Admin->produccion('newperdida', '0')
 7 SYSTEMPATH\CodeIgniter.php(499): CodeIgniter\CodeIgniter->runController(Object(App\Controllers\Admin))
 8 SYSTEMPATH\CodeIgniter.php(368): CodeIgniter\CodeIgniter->handleRequest(null, Object(Config\Cache), false)
 9 FCPATH\index.php(67): CodeIgniter\CodeIgniter->run()
CRITICAL - 2023-05-17 20:41:01 --> Undefined variable $editar
in APPPATH\Views\admin\produccion\FormPerdida.php on line 74.
 1 APPPATH\Views\admin\produccion\FormPerdida.php(74): CodeIgniter\Debug\Exceptions->errorHandler(2, 'Undefined variable $editar', 'C:\\xampp\\htdocs\\SistemaFrutal\\app\\Views\\admin\\produccion\\FormPerdida.php', 74)
 2 SYSTEMPATH\View\View.php(213): include('C:\\xampp\\htdocs\\SistemaFrutal\\app\\Views\\admin\\produccion\\FormPerdida.php')
 3 SYSTEMPATH\View\View.php(216): CodeIgniter\View\View->CodeIgniter\View\{closure}()
 4 SYSTEMPATH\Common.php(1184): CodeIgniter\View\View->render('admin/produccion/FormPerdida.php', [], true)
 5 APPPATH\Controllers\Admin.php(647): view('admin/produccion/FormPerdida.php', [...])
 6 SYSTEMPATH\CodeIgniter.php(934): App\Controllers\Admin->produccion('newperdida', '0')
 7 SYSTEMPATH\CodeIgniter.php(499): CodeIgniter\CodeIgniter->runController(Object(App\Controllers\Admin))
 8 SYSTEMPATH\CodeIgniter.php(368): CodeIgniter\CodeIgniter->handleRequest(null, Object(Config\Cache), false)
 9 FCPATH\index.php(67): CodeIgniter\CodeIgniter->run()
CRITICAL - 2023-05-17 20:41:02 --> Undefined variable $editar
in APPPATH\Views\admin\produccion\FormPerdida.php on line 74.
 1 APPPATH\Views\admin\produccion\FormPerdida.php(74): CodeIgniter\Debug\Exceptions->errorHandler(2, 'Undefined variable $editar', 'C:\\xampp\\htdocs\\SistemaFrutal\\app\\Views\\admin\\produccion\\FormPerdida.php', 74)
 2 SYSTEMPATH\View\View.php(213): include('C:\\xampp\\htdocs\\SistemaFrutal\\app\\Views\\admin\\produccion\\FormPerdida.php')
 3 SYSTEMPATH\View\View.php(216): CodeIgniter\View\View->CodeIgniter\View\{closure}()
 4 SYSTEMPATH\Common.php(1184): CodeIgniter\View\View->render('admin/produccion/FormPerdida.php', [], true)
 5 APPPATH\Controllers\Admin.php(647): view('admin/produccion/FormPerdida.php', [...])
 6 SYSTEMPATH\CodeIgniter.php(934): App\Controllers\Admin->produccion('newperdida', '0')
 7 SYSTEMPATH\CodeIgniter.php(499): CodeIgniter\CodeIgniter->runController(Object(App\Controllers\Admin))
 8 SYSTEMPATH\CodeIgniter.php(368): CodeIgniter\CodeIgniter->handleRequest(null, Object(Config\Cache), false)
 9 FCPATH\index.php(67): CodeIgniter\CodeIgniter->run()
CRITICAL - 2023-05-17 20:41:21 --> Undefined variable $editar
in APPPATH\Views\admin\produccion\FormPerdida.php on line 74.
 1 APPPATH\Views\admin\produccion\FormPerdida.php(74): CodeIgniter\Debug\Exceptions->errorHandler(2, 'Undefined variable $editar', 'C:\\xampp\\htdocs\\SistemaFrutal\\app\\Views\\admin\\produccion\\FormPerdida.php', 74)
 2 SYSTEMPATH\View\View.php(213): include('C:\\xampp\\htdocs\\SistemaFrutal\\app\\Views\\admin\\produccion\\FormPerdida.php')
 3 SYSTEMPATH\View\View.php(216): CodeIgniter\View\View->CodeIgniter\View\{closure}()
 4 SYSTEMPATH\Common.php(1184): CodeIgniter\View\View->render('admin/produccion/FormPerdida.php', [], true)
 5 APPPATH\Controllers\Admin.php(647): view('admin/produccion/FormPerdida.php', [...])
 6 SYSTEMPATH\CodeIgniter.php(934): App\Controllers\Admin->produccion('newperdida', '0')
 7 SYSTEMPATH\CodeIgniter.php(499): CodeIgniter\CodeIgniter->runController(Object(App\Controllers\Admin))
 8 SYSTEMPATH\CodeIgniter.php(368): CodeIgniter\CodeIgniter->handleRequest(null, Object(Config\Cache), false)
 9 FCPATH\index.php(67): CodeIgniter\CodeIgniter->run()
