CRITICAL - 2023-06-17 02:39:36 --> Call to undefined function App\Controllers\format_number()
in APPPATH\Controllers\Reporte.php on line 1177.
 1 SYSTEMPATH\CodeIgniter.php(934): App\Controllers\Reporte->reporteventaModulo('2023-02-08', '2023-06-16')
 2 SYSTEMPATH\CodeIgniter.php(499): CodeIgniter\CodeIgniter->runController(Object(App\Controllers\Reporte))
 3 SYSTEMPATH\CodeIgniter.php(368): CodeIgniter\CodeIgniter->handleRequest(null, Object(Config\Cache), false)
 4 FCPATH\index.php(67): CodeIgniter\CodeIgniter->run()
CRITICAL - 2023-06-17 08:02:01 --> Undefined array key "nombre"
in APPPATH\Views\admin\reporte\ReporteInsumos.php on line 44.
 1 APPPATH\Views\admin\reporte\ReporteInsumos.php(44): CodeIgniter\Debug\Exceptions->errorHandler(2, 'Undefined array key "nombre"', 'C:\\xampp\\htdocs\\SistemaFrutal\\app\\Views\\admin\\reporte\\ReporteInsumos.php', 44)
 2 SYSTEMPATH\View\View.php(213): include('C:\\xampp\\htdocs\\SistemaFrutal\\app\\Views\\admin\\reporte\\ReporteInsumos.php')
 3 SYSTEMPATH\View\View.php(216): CodeIgniter\View\View->CodeIgniter\View\{closure}()
 4 SYSTEMPATH\Common.php(1184): CodeIgniter\View\View->render('admin/reporte/ReporteInsumos', [], true)
 5 APPPATH\Controllers\Admin.php(818): view('admin/reporte/ReporteInsumos', [...])
 6 SYSTEMPATH\CodeIgniter.php(934): App\Controllers\Admin->reporte('reporteinsumos', '0')
 7 SYSTEMPATH\CodeIgniter.php(499): CodeIgniter\CodeIgniter->runController(Object(App\Controllers\Admin))
 8 SYSTEMPATH\CodeIgniter.php(368): CodeIgniter\CodeIgniter->handleRequest(null, Object(Config\Cache), false)
 9 FCPATH\index.php(67): CodeIgniter\CodeIgniter->run()
CRITICAL - 2023-06-17 08:02:03 --> Undefined array key "nombre"
in APPPATH\Views\admin\reporte\ReporteInsumos.php on line 44.
 1 APPPATH\Views\admin\reporte\ReporteInsumos.php(44): CodeIgniter\Debug\Exceptions->errorHandler(2, 'Undefined array key "nombre"', 'C:\\xampp\\htdocs\\SistemaFrutal\\app\\Views\\admin\\reporte\\ReporteInsumos.php', 44)
 2 SYSTEMPATH\View\View.php(213): include('C:\\xampp\\htdocs\\SistemaFrutal\\app\\Views\\admin\\reporte\\ReporteInsumos.php')
 3 SYSTEMPATH\View\View.php(216): CodeIgniter\View\View->CodeIgniter\View\{closure}()
 4 SYSTEMPATH\Common.php(1184): CodeIgniter\View\View->render('admin/reporte/ReporteInsumos', [], true)
 5 APPPATH\Controllers\Admin.php(818): view('admin/reporte/ReporteInsumos', [...])
 6 SYSTEMPATH\CodeIgniter.php(934): App\Controllers\Admin->reporte('reporteinsumos', '0')
 7 SYSTEMPATH\CodeIgniter.php(499): CodeIgniter\CodeIgniter->runController(Object(App\Controllers\Admin))
 8 SYSTEMPATH\CodeIgniter.php(368): CodeIgniter\CodeIgniter->handleRequest(null, Object(Config\Cache), false)
 9 FCPATH\index.php(67): CodeIgniter\CodeIgniter->run()
CRITICAL - 2023-06-17 13:41:30 --> Undefined variable $detalle
in APPPATH\Controllers\Reporte.php on line 1663.
 1 APPPATH\Controllers\Reporte.php(1663): CodeIgniter\Debug\Exceptions->errorHandler(2, 'Undefined variable $detalle', 'C:\\xampp\\htdocs\\SistemaFrutal\\app\\Controllers\\Reporte.php', 1663)
 2 SYSTEMPATH\CodeIgniter.php(934): App\Controllers\Reporte->ReporteCliente('0', ' -- Web --')
 3 SYSTEMPATH\CodeIgniter.php(499): CodeIgniter\CodeIgniter->runController(Object(App\Controllers\Reporte))
 4 SYSTEMPATH\CodeIgniter.php(368): CodeIgniter\CodeIgniter->handleRequest(null, Object(Config\Cache), false)
 5 FCPATH\index.php(67): CodeIgniter\CodeIgniter->run()
CRITICAL - 2023-06-17 13:41:37 --> Undefined variable $detalle
in APPPATH\Controllers\Reporte.php on line 1664.
 1 APPPATH\Controllers\Reporte.php(1664): CodeIgniter\Debug\Exceptions->errorHandler(2, 'Undefined variable $detalle', 'C:\\xampp\\htdocs\\SistemaFrutal\\app\\Controllers\\Reporte.php', 1664)
 2 SYSTEMPATH\CodeIgniter.php(934): App\Controllers\Reporte->ReporteCliente('cliente.createt', ' -- Todo --')
 3 SYSTEMPATH\CodeIgniter.php(499): CodeIgniter\CodeIgniter->runController(Object(App\Controllers\Reporte))
 4 SYSTEMPATH\CodeIgniter.php(368): CodeIgniter\CodeIgniter->handleRequest(null, Object(Config\Cache), false)
 5 FCPATH\index.php(67): CodeIgniter\CodeIgniter->run()
CRITICAL - 2023-06-17 13:41:38 --> Undefined variable $detalle
in APPPATH\Controllers\Reporte.php on line 1664.
 1 APPPATH\Controllers\Reporte.php(1664): CodeIgniter\Debug\Exceptions->errorHandler(2, 'Undefined variable $detalle', 'C:\\xampp\\htdocs\\SistemaFrutal\\app\\Controllers\\Reporte.php', 1664)
 2 SYSTEMPATH\CodeIgniter.php(934): App\Controllers\Reporte->ReporteCliente('1', ' -- Tienda --')
 3 SYSTEMPATH\CodeIgniter.php(499): CodeIgniter\CodeIgniter->runController(Object(App\Controllers\Reporte))
 4 SYSTEMPATH\CodeIgniter.php(368): CodeIgniter\CodeIgniter->handleRequest(null, Object(Config\Cache), false)
 5 FCPATH\index.php(67): CodeIgniter\CodeIgniter->run()
CRITICAL - 2023-06-17 13:41:44 --> Undefined variable $detalle
in APPPATH\Controllers\Reporte.php on line 1664.
 1 APPPATH\Controllers\Reporte.php(1664): CodeIgniter\Debug\Exceptions->errorHandler(2, 'Undefined variable $detalle', 'C:\\xampp\\htdocs\\SistemaFrutal\\app\\Controllers\\Reporte.php', 1664)
 2 SYSTEMPATH\CodeIgniter.php(934): App\Controllers\Reporte->ReporteCliente('cliente.createt', ' -- Todo --')
 3 SYSTEMPATH\CodeIgniter.php(499): CodeIgniter\CodeIgniter->runController(Object(App\Controllers\Reporte))
 4 SYSTEMPATH\CodeIgniter.php(368): CodeIgniter\CodeIgniter->handleRequest(null, Object(Config\Cache), false)
 5 FCPATH\index.php(67): CodeIgniter\CodeIgniter->run()
CRITICAL - 2023-06-17 13:42:04 --> Undefined variable $detalle
in APPPATH\Controllers\Reporte.php on line 1664.
 1 APPPATH\Controllers\Reporte.php(1664): CodeIgniter\Debug\Exceptions->errorHandler(2, 'Undefined variable $detalle', 'C:\\xampp\\htdocs\\SistemaFrutal\\app\\Controllers\\Reporte.php', 1664)
 2 SYSTEMPATH\CodeIgniter.php(934): App\Controllers\Reporte->ReporteCliente('0', ' -- Web --')
 3 SYSTEMPATH\CodeIgniter.php(499): CodeIgniter\CodeIgniter->runController(Object(App\Controllers\Reporte))
 4 SYSTEMPATH\CodeIgniter.php(368): CodeIgniter\CodeIgniter->handleRequest(null, Object(Config\Cache), false)
 5 FCPATH\index.php(67): CodeIgniter\CodeIgniter->run()
