CRITICAL - 2023-05-22 01:13:53 --> Undefined array key "TokenClie"
in APPPATH\Controllers\Tienda.php on line 50.
 1 APPPATH\Controllers\Tienda.php(50): CodeIgniter\Debug\Exceptions->errorHandler(2, 'Undefined array key "TokenClie"', 'C:\\xampp\\htdocs\\SistemaFrutal\\app\\Controllers\\Tienda.php', 50)
 2 SYSTEMPATH\CodeIgniter.php(934): App\Controllers\Tienda->RegistraCalificacionOferta()
 3 SYSTEMPATH\CodeIgniter.php(499): CodeIgniter\CodeIgniter->runController(Object(App\Controllers\Tienda))
 4 SYSTEMPATH\CodeIgniter.php(368): CodeIgniter\CodeIgniter->handleRequest(null, Object(Config\Cache), false)
 5 FCPATH\index.php(67): CodeIgniter\CodeIgniter->run()
CRITICAL - 2023-05-22 09:38:49 --> Undefined array key "id"
in APPPATH\Views\admin\cliente\ListComentario.php on line 40.
 1 APPPATH\Views\admin\cliente\ListComentario.php(40): CodeIgniter\Debug\Exceptions->errorHandler(2, 'Undefined array key "id"', 'C:\\xampp\\htdocs\\SistemaFrutal\\app\\Views\\admin\\cliente\\ListComentario.php', 40)
 2 SYSTEMPATH\View\View.php(213): include('C:\\xampp\\htdocs\\SistemaFrutal\\app\\Views\\admin\\cliente\\ListComentario.php')
 3 SYSTEMPATH\View\View.php(216): CodeIgniter\View\View->CodeIgniter\View\{closure}()
 4 SYSTEMPATH\Common.php(1184): CodeIgniter\View\View->render('admin/cliente/ListComentario.php', [], true)
 5 APPPATH\Controllers\Admin.php(721): view('admin/cliente/ListComentario.php', [...])
 6 SYSTEMPATH\CodeIgniter.php(934): App\Controllers\Admin->comentatios('list', '0', 'valor')
 7 SYSTEMPATH\CodeIgniter.php(499): CodeIgniter\CodeIgniter->runController(Object(App\Controllers\Admin))
 8 SYSTEMPATH\CodeIgniter.php(368): CodeIgniter\CodeIgniter->handleRequest(null, Object(Config\Cache), false)
 9 FCPATH\index.php(67): CodeIgniter\CodeIgniter->run()
CRITICAL - 2023-05-22 09:38:51 --> Undefined array key "id"
in APPPATH\Views\admin\cliente\ListComentario.php on line 40.
 1 APPPATH\Views\admin\cliente\ListComentario.php(40): CodeIgniter\Debug\Exceptions->errorHandler(2, 'Undefined array key "id"', 'C:\\xampp\\htdocs\\SistemaFrutal\\app\\Views\\admin\\cliente\\ListComentario.php', 40)
 2 SYSTEMPATH\View\View.php(213): include('C:\\xampp\\htdocs\\SistemaFrutal\\app\\Views\\admin\\cliente\\ListComentario.php')
 3 SYSTEMPATH\View\View.php(216): CodeIgniter\View\View->CodeIgniter\View\{closure}()
 4 SYSTEMPATH\Common.php(1184): CodeIgniter\View\View->render('admin/cliente/ListComentario.php', [], true)
 5 APPPATH\Controllers\Admin.php(721): view('admin/cliente/ListComentario.php', [...])
 6 SYSTEMPATH\CodeIgniter.php(934): App\Controllers\Admin->comentatios('list', '0', 'valor')
 7 SYSTEMPATH\CodeIgniter.php(499): CodeIgniter\CodeIgniter->runController(Object(App\Controllers\Admin))
 8 SYSTEMPATH\CodeIgniter.php(368): CodeIgniter\CodeIgniter->handleRequest(null, Object(Config\Cache), false)
 9 FCPATH\index.php(67): CodeIgniter\CodeIgniter->run()
CRITICAL - 2023-05-22 09:38:53 --> Undefined array key "id"
in APPPATH\Views\admin\cliente\ListComentario.php on line 40.
 1 APPPATH\Views\admin\cliente\ListComentario.php(40): CodeIgniter\Debug\Exceptions->errorHandler(2, 'Undefined array key "id"', 'C:\\xampp\\htdocs\\SistemaFrutal\\app\\Views\\admin\\cliente\\ListComentario.php', 40)
 2 SYSTEMPATH\View\View.php(213): include('C:\\xampp\\htdocs\\SistemaFrutal\\app\\Views\\admin\\cliente\\ListComentario.php')
 3 SYSTEMPATH\View\View.php(216): CodeIgniter\View\View->CodeIgniter\View\{closure}()
 4 SYSTEMPATH\Common.php(1184): CodeIgniter\View\View->render('admin/cliente/ListComentario.php', [], true)
 5 APPPATH\Controllers\Admin.php(721): view('admin/cliente/ListComentario.php', [...])
 6 SYSTEMPATH\CodeIgniter.php(934): App\Controllers\Admin->comentatios('list', '0', 'valor')
 7 SYSTEMPATH\CodeIgniter.php(499): CodeIgniter\CodeIgniter->runController(Object(App\Controllers\Admin))
 8 SYSTEMPATH\CodeIgniter.php(368): CodeIgniter\CodeIgniter->handleRequest(null, Object(Config\Cache), false)
 9 FCPATH\index.php(67): CodeIgniter\CodeIgniter->run()
CRITICAL - 2023-05-22 09:38:54 --> Undefined array key "id"
in APPPATH\Views\admin\cliente\ListComentario.php on line 40.
 1 APPPATH\Views\admin\cliente\ListComentario.php(40): CodeIgniter\Debug\Exceptions->errorHandler(2, 'Undefined array key "id"', 'C:\\xampp\\htdocs\\SistemaFrutal\\app\\Views\\admin\\cliente\\ListComentario.php', 40)
 2 SYSTEMPATH\View\View.php(213): include('C:\\xampp\\htdocs\\SistemaFrutal\\app\\Views\\admin\\cliente\\ListComentario.php')
 3 SYSTEMPATH\View\View.php(216): CodeIgniter\View\View->CodeIgniter\View\{closure}()
 4 SYSTEMPATH\Common.php(1184): CodeIgniter\View\View->render('admin/cliente/ListComentario.php', [], true)
 5 APPPATH\Controllers\Admin.php(721): view('admin/cliente/ListComentario.php', [...])
 6 SYSTEMPATH\CodeIgniter.php(934): App\Controllers\Admin->comentatios('list', '0', 'valor')
 7 SYSTEMPATH\CodeIgniter.php(499): CodeIgniter\CodeIgniter->runController(Object(App\Controllers\Admin))
 8 SYSTEMPATH\CodeIgniter.php(368): CodeIgniter\CodeIgniter->handleRequest(null, Object(Config\Cache), false)
 9 FCPATH\index.php(67): CodeIgniter\CodeIgniter->run()
CRITICAL - 2023-05-22 09:38:55 --> Undefined array key "id"
in APPPATH\Views\admin\cliente\ListComentario.php on line 40.
 1 APPPATH\Views\admin\cliente\ListComentario.php(40): CodeIgniter\Debug\Exceptions->errorHandler(2, 'Undefined array key "id"', 'C:\\xampp\\htdocs\\SistemaFrutal\\app\\Views\\admin\\cliente\\ListComentario.php', 40)
 2 SYSTEMPATH\View\View.php(213): include('C:\\xampp\\htdocs\\SistemaFrutal\\app\\Views\\admin\\cliente\\ListComentario.php')
 3 SYSTEMPATH\View\View.php(216): CodeIgniter\View\View->CodeIgniter\View\{closure}()
 4 SYSTEMPATH\Common.php(1184): CodeIgniter\View\View->render('admin/cliente/ListComentario.php', [], true)
 5 APPPATH\Controllers\Admin.php(721): view('admin/cliente/ListComentario.php', [...])
 6 SYSTEMPATH\CodeIgniter.php(934): App\Controllers\Admin->comentatios('list', '0', 'valor')
 7 SYSTEMPATH\CodeIgniter.php(499): CodeIgniter\CodeIgniter->runController(Object(App\Controllers\Admin))
 8 SYSTEMPATH\CodeIgniter.php(368): CodeIgniter\CodeIgniter->handleRequest(null, Object(Config\Cache), false)
 9 FCPATH\index.php(67): CodeIgniter\CodeIgniter->run()
CRITICAL - 2023-05-22 09:38:56 --> Undefined array key "id"
in APPPATH\Views\admin\cliente\ListComentario.php on line 40.
 1 APPPATH\Views\admin\cliente\ListComentario.php(40): CodeIgniter\Debug\Exceptions->errorHandler(2, 'Undefined array key "id"', 'C:\\xampp\\htdocs\\SistemaFrutal\\app\\Views\\admin\\cliente\\ListComentario.php', 40)
 2 SYSTEMPATH\View\View.php(213): include('C:\\xampp\\htdocs\\SistemaFrutal\\app\\Views\\admin\\cliente\\ListComentario.php')
 3 SYSTEMPATH\View\View.php(216): CodeIgniter\View\View->CodeIgniter\View\{closure}()
 4 SYSTEMPATH\Common.php(1184): CodeIgniter\View\View->render('admin/cliente/ListComentario.php', [], true)
 5 APPPATH\Controllers\Admin.php(721): view('admin/cliente/ListComentario.php', [...])
 6 SYSTEMPATH\CodeIgniter.php(934): App\Controllers\Admin->comentatios('list', '0', 'valor')
 7 SYSTEMPATH\CodeIgniter.php(499): CodeIgniter\CodeIgniter->runController(Object(App\Controllers\Admin))
 8 SYSTEMPATH\CodeIgniter.php(368): CodeIgniter\CodeIgniter->handleRequest(null, Object(Config\Cache), false)
 9 FCPATH\index.php(67): CodeIgniter\CodeIgniter->run()
CRITICAL - 2023-05-22 10:00:02 --> Too few arguments to function App\Controllers\Admin::comentatios(), 2 passed in C:\xampp\htdocs\SistemaFrutal\system\CodeIgniter.php on line 934 and exactly 3 expected
in APPPATH\Controllers\Admin.php on line 713.
 1 SYSTEMPATH\CodeIgniter.php(934): App\Controllers\Admin->comentatios('listDetalle', '1')
 2 SYSTEMPATH\CodeIgniter.php(499): CodeIgniter\CodeIgniter->runController(Object(App\Controllers\Admin))
 3 SYSTEMPATH\CodeIgniter.php(368): CodeIgniter\CodeIgniter->handleRequest(null, Object(Config\Cache), false)
 4 FCPATH\index.php(67): CodeIgniter\CodeIgniter->run()
CRITICAL - 2023-05-22 10:00:38 --> Too few arguments to function App\Controllers\Admin::comentatios(), 2 passed in C:\xampp\htdocs\SistemaFrutal\system\CodeIgniter.php on line 934 and exactly 3 expected
in APPPATH\Controllers\Admin.php on line 713.
 1 SYSTEMPATH\CodeIgniter.php(934): App\Controllers\Admin->comentatios('listDetalle', '1')
 2 SYSTEMPATH\CodeIgniter.php(499): CodeIgniter\CodeIgniter->runController(Object(App\Controllers\Admin))
 3 SYSTEMPATH\CodeIgniter.php(368): CodeIgniter\CodeIgniter->handleRequest(null, Object(Config\Cache), false)
 4 FCPATH\index.php(67): CodeIgniter\CodeIgniter->run()
CRITICAL - 2023-05-22 10:00:41 --> Too few arguments to function App\Controllers\Admin::comentatios(), 2 passed in C:\xampp\htdocs\SistemaFrutal\system\CodeIgniter.php on line 934 and exactly 3 expected
in APPPATH\Controllers\Admin.php on line 713.
 1 SYSTEMPATH\CodeIgniter.php(934): App\Controllers\Admin->comentatios('listDetalle', '1')
 2 SYSTEMPATH\CodeIgniter.php(499): CodeIgniter\CodeIgniter->runController(Object(App\Controllers\Admin))
 3 SYSTEMPATH\CodeIgniter.php(368): CodeIgniter\CodeIgniter->handleRequest(null, Object(Config\Cache), false)
 4 FCPATH\index.php(67): CodeIgniter\CodeIgniter->run()
CRITICAL - 2023-05-22 10:01:32 --> Too few arguments to function App\Controllers\Admin::comentatios(), 2 passed in C:\xampp\htdocs\SistemaFrutal\system\CodeIgniter.php on line 934 and exactly 3 expected
in APPPATH\Controllers\Admin.php on line 713.
 1 SYSTEMPATH\CodeIgniter.php(934): App\Controllers\Admin->comentatios('listDetalle', '"1')
 2 SYSTEMPATH\CodeIgniter.php(499): CodeIgniter\CodeIgniter->runController(Object(App\Controllers\Admin))
 3 SYSTEMPATH\CodeIgniter.php(368): CodeIgniter\CodeIgniter->handleRequest(null, Object(Config\Cache), false)
 4 FCPATH\index.php(67): CodeIgniter\CodeIgniter->run()
CRITICAL - 2023-05-22 10:02:22 --> Too few arguments to function App\Controllers\Admin::comentatios(), 2 passed in C:\xampp\htdocs\SistemaFrutal\system\CodeIgniter.php on line 934 and exactly 3 expected
in APPPATH\Controllers\Admin.php on line 713.
 1 SYSTEMPATH\CodeIgniter.php(934): App\Controllers\Admin->comentatios('listDetalle', '"1')
 2 SYSTEMPATH\CodeIgniter.php(499): CodeIgniter\CodeIgniter->runController(Object(App\Controllers\Admin))
 3 SYSTEMPATH\CodeIgniter.php(368): CodeIgniter\CodeIgniter->handleRequest(null, Object(Config\Cache), false)
 4 FCPATH\index.php(67): CodeIgniter\CodeIgniter->run()
CRITICAL - 2023-05-22 10:02:30 --> Too few arguments to function App\Controllers\Admin::comentatios(), 2 passed in C:\xampp\htdocs\SistemaFrutal\system\CodeIgniter.php on line 934 and exactly 3 expected
in APPPATH\Controllers\Admin.php on line 713.
 1 SYSTEMPATH\CodeIgniter.php(934): App\Controllers\Admin->comentatios('listDetalle', '1')
 2 SYSTEMPATH\CodeIgniter.php(499): CodeIgniter\CodeIgniter->runController(Object(App\Controllers\Admin))
 3 SYSTEMPATH\CodeIgniter.php(368): CodeIgniter\CodeIgniter->handleRequest(null, Object(Config\Cache), false)
 4 FCPATH\index.php(67): CodeIgniter\CodeIgniter->run()
