CRITICAL - 2023-05-12 00:27:19 --> Call to undefined method App\Models\ModeloInsumos::EstadoIsnumo()
in APPPATH\Controllers\InsumoMaterial.php on line 28.
 1 SYSTEMPATH\CodeIgniter.php(934): App\Controllers\InsumoMaterial->EstadoIsnumo()
 2 SYSTEMPATH\CodeIgniter.php(499): CodeIgniter\CodeIgniter->runController(Object(App\Controllers\InsumoMaterial))
 3 SYSTEMPATH\CodeIgniter.php(368): CodeIgniter\CodeIgniter->handleRequest(null, Object(Config\Cache), false)
 4 FCPATH\index.php(67): CodeIgniter\CodeIgniter->run()
CRITICAL - 2023-05-12 00:27:22 --> Call to undefined method App\Models\ModeloInsumos::EstadoIsnumo()
in APPPATH\Controllers\InsumoMaterial.php on line 28.
 1 SYSTEMPATH\CodeIgniter.php(934): App\Controllers\InsumoMaterial->EstadoIsnumo()
 2 SYSTEMPATH\CodeIgniter.php(499): CodeIgniter\CodeIgniter->runController(Object(App\Controllers\InsumoMaterial))
 3 SYSTEMPATH\CodeIgniter.php(368): CodeIgniter\CodeIgniter->handleRequest(null, Object(Config\Cache), false)
 4 FCPATH\index.php(67): CodeIgniter\CodeIgniter->run()
CRITICAL - 2023-05-12 00:31:15 --> Undefined variable $image
in APPPATH\Views\admin\InsumoMaterial\FormInsumo.php on line 31.
 1 APPPATH\Views\admin\InsumoMaterial\FormInsumo.php(31): CodeIgniter\Debug\Exceptions->errorHandler(2, 'Undefined variable $image', 'C:\\xampp\\htdocs\\SistemaFrutal\\app\\Views\\admin\\InsumoMaterial\\FormInsumo.php', 31)
 2 SYSTEMPATH\View\View.php(213): include('C:\\xampp\\htdocs\\SistemaFrutal\\app\\Views\\admin\\InsumoMaterial\\FormInsumo.php')
 3 SYSTEMPATH\View\View.php(216): CodeIgniter\View\View->CodeIgniter\View\{closure}()
 4 SYSTEMPATH\Common.php(1184): CodeIgniter\View\View->render('admin/InsumoMaterial/FormInsumo.php', [], true)
 5 APPPATH\Controllers\Admin.php(383): view('admin/InsumoMaterial/FormInsumo.php', [...])
 6 SYSTEMPATH\CodeIgniter.php(934): App\Controllers\Admin->Insumos('edit', '2')
 7 SYSTEMPATH\CodeIgniter.php(499): CodeIgniter\CodeIgniter->runController(Object(App\Controllers\Admin))
 8 SYSTEMPATH\CodeIgniter.php(368): CodeIgniter\CodeIgniter->handleRequest(null, Object(Config\Cache), false)
 9 FCPATH\index.php(67): CodeIgniter\CodeIgniter->run()
CRITICAL - 2023-05-12 00:31:16 --> Undefined variable $image
in APPPATH\Views\admin\InsumoMaterial\FormInsumo.php on line 31.
 1 APPPATH\Views\admin\InsumoMaterial\FormInsumo.php(31): CodeIgniter\Debug\Exceptions->errorHandler(2, 'Undefined variable $image', 'C:\\xampp\\htdocs\\SistemaFrutal\\app\\Views\\admin\\InsumoMaterial\\FormInsumo.php', 31)
 2 SYSTEMPATH\View\View.php(213): include('C:\\xampp\\htdocs\\SistemaFrutal\\app\\Views\\admin\\InsumoMaterial\\FormInsumo.php')
 3 SYSTEMPATH\View\View.php(216): CodeIgniter\View\View->CodeIgniter\View\{closure}()
 4 SYSTEMPATH\Common.php(1184): CodeIgniter\View\View->render('admin/InsumoMaterial/FormInsumo.php', [], true)
 5 APPPATH\Controllers\Admin.php(383): view('admin/InsumoMaterial/FormInsumo.php', [...])
 6 SYSTEMPATH\CodeIgniter.php(934): App\Controllers\Admin->Insumos('edit', '2')
 7 SYSTEMPATH\CodeIgniter.php(499): CodeIgniter\CodeIgniter->runController(Object(App\Controllers\Admin))
 8 SYSTEMPATH\CodeIgniter.php(368): CodeIgniter\CodeIgniter->handleRequest(null, Object(Config\Cache), false)
 9 FCPATH\index.php(67): CodeIgniter\CodeIgniter->run()
CRITICAL - 2023-05-12 00:31:19 --> Undefined variable $image
in APPPATH\Views\admin\InsumoMaterial\FormInsumo.php on line 31.
 1 APPPATH\Views\admin\InsumoMaterial\FormInsumo.php(31): CodeIgniter\Debug\Exceptions->errorHandler(2, 'Undefined variable $image', 'C:\\xampp\\htdocs\\SistemaFrutal\\app\\Views\\admin\\InsumoMaterial\\FormInsumo.php', 31)
 2 SYSTEMPATH\View\View.php(213): include('C:\\xampp\\htdocs\\SistemaFrutal\\app\\Views\\admin\\InsumoMaterial\\FormInsumo.php')
 3 SYSTEMPATH\View\View.php(216): CodeIgniter\View\View->CodeIgniter\View\{closure}()
 4 SYSTEMPATH\Common.php(1184): CodeIgniter\View\View->render('admin/InsumoMaterial/FormInsumo.php', [], true)
 5 APPPATH\Controllers\Admin.php(383): view('admin/InsumoMaterial/FormInsumo.php', [...])
 6 SYSTEMPATH\CodeIgniter.php(934): App\Controllers\Admin->Insumos('edit', '2')
 7 SYSTEMPATH\CodeIgniter.php(499): CodeIgniter\CodeIgniter->runController(Object(App\Controllers\Admin))
 8 SYSTEMPATH\CodeIgniter.php(368): CodeIgniter\CodeIgniter->handleRequest(null, Object(Config\Cache), false)
 9 FCPATH\index.php(67): CodeIgniter\CodeIgniter->run()
