CRITICAL - 2023-05-19 09:57:58 --> Non-static method CodeIgniter\I18n\Time::toDateTime() cannot be called statically
in APPPATH\Models\ModeloProduccion.php on line 336.
 1 APPPATH\Controllers\Produccion.php(108): App\Models\ModeloProduccion->PaginadorProduccion('1', null)
 2 SYSTEMPATH\CodeIgniter.php(934): App\Controllers\Produccion->PaginadorProduccion()
 3 SYSTEMPATH\CodeIgniter.php(499): CodeIgniter\CodeIgniter->runController(Object(App\Controllers\Produccion))
 4 SYSTEMPATH\CodeIgniter.php(368): CodeIgniter\CodeIgniter->handleRequest(null, Object(Config\Cache), false)
 5 FCPATH\index.php(67): CodeIgniter\CodeIgniter->run()
CRITICAL - 2023-05-19 09:57:58 --> Non-static method CodeIgniter\I18n\Time::toDateTime() cannot be called statically
in APPPATH\Models\ModeloProduccion.php on line 336.
 1 APPPATH\Controllers\Produccion.php(108): App\Models\ModeloProduccion->PaginadorProduccion('1', null)
 2 SYSTEMPATH\CodeIgniter.php(934): App\Controllers\Produccion->PaginadorProduccion()
 3 SYSTEMPATH\CodeIgniter.php(499): CodeIgniter\CodeIgniter->runController(Object(App\Controllers\Produccion))
 4 SYSTEMPATH\CodeIgniter.php(368): CodeIgniter\CodeIgniter->handleRequest(null, Object(Config\Cache), false)
 5 FCPATH\index.php(67): CodeIgniter\CodeIgniter->run()
CRITICAL - 2023-05-19 09:57:59 --> Non-static method CodeIgniter\I18n\Time::toDateTime() cannot be called statically
in APPPATH\Models\ModeloProduccion.php on line 336.
 1 APPPATH\Controllers\Produccion.php(108): App\Models\ModeloProduccion->PaginadorProduccion('1', null)
 2 SYSTEMPATH\CodeIgniter.php(934): App\Controllers\Produccion->PaginadorProduccion()
 3 SYSTEMPATH\CodeIgniter.php(499): CodeIgniter\CodeIgniter->runController(Object(App\Controllers\Produccion))
 4 SYSTEMPATH\CodeIgniter.php(368): CodeIgniter\CodeIgniter->handleRequest(null, Object(Config\Cache), false)
 5 FCPATH\index.php(67): CodeIgniter\CodeIgniter->run()
CRITICAL - 2023-05-19 09:58:19 --> Non-static method CodeIgniter\I18n\Time::toDateTime() cannot be called statically
in APPPATH\Models\ModeloProduccion.php on line 335.
 1 APPPATH\Controllers\Produccion.php(108): App\Models\ModeloProduccion->PaginadorProduccion('1', null)
 2 SYSTEMPATH\CodeIgniter.php(934): App\Controllers\Produccion->PaginadorProduccion()
 3 SYSTEMPATH\CodeIgniter.php(499): CodeIgniter\CodeIgniter->runController(Object(App\Controllers\Produccion))
 4 SYSTEMPATH\CodeIgniter.php(368): CodeIgniter\CodeIgniter->handleRequest(null, Object(Config\Cache), false)
 5 FCPATH\index.php(67): CodeIgniter\CodeIgniter->run()
CRITICAL - 2023-05-19 09:58:20 --> Non-static method CodeIgniter\I18n\Time::toDateTime() cannot be called statically
in APPPATH\Models\ModeloProduccion.php on line 335.
 1 APPPATH\Controllers\Produccion.php(108): App\Models\ModeloProduccion->PaginadorProduccion('1', null)
 2 SYSTEMPATH\CodeIgniter.php(934): App\Controllers\Produccion->PaginadorProduccion()
 3 SYSTEMPATH\CodeIgniter.php(499): CodeIgniter\CodeIgniter->runController(Object(App\Controllers\Produccion))
 4 SYSTEMPATH\CodeIgniter.php(368): CodeIgniter\CodeIgniter->handleRequest(null, Object(Config\Cache), false)
 5 FCPATH\index.php(67): CodeIgniter\CodeIgniter->run()
CRITICAL - 2023-05-19 09:58:35 --> Non-static method CodeIgniter\I18n\Time::toDateTime() cannot be called statically
in APPPATH\Models\ModeloProduccion.php on line 335.
 1 APPPATH\Controllers\Produccion.php(108): App\Models\ModeloProduccion->PaginadorProduccion('1', null)
 2 SYSTEMPATH\CodeIgniter.php(934): App\Controllers\Produccion->PaginadorProduccion()
 3 SYSTEMPATH\CodeIgniter.php(499): CodeIgniter\CodeIgniter->runController(Object(App\Controllers\Produccion))
 4 SYSTEMPATH\CodeIgniter.php(368): CodeIgniter\CodeIgniter->handleRequest(null, Object(Config\Cache), false)
 5 FCPATH\index.php(67): CodeIgniter\CodeIgniter->run()
CRITICAL - 2023-05-19 10:01:33 --> date_diff(): Argument #1 ($baseObject) must be of type DateTimeInterface, string given
in APPPATH\Models\ModeloProduccion.php on line 335.
 1 APPPATH\Models\ModeloProduccion.php(335): date_diff('2023-05-22', 3)
 2 APPPATH\Controllers\Produccion.php(108): App\Models\ModeloProduccion->PaginadorProduccion('1', null)
 3 SYSTEMPATH\CodeIgniter.php(934): App\Controllers\Produccion->PaginadorProduccion()
 4 SYSTEMPATH\CodeIgniter.php(499): CodeIgniter\CodeIgniter->runController(Object(App\Controllers\Produccion))
 5 SYSTEMPATH\CodeIgniter.php(368): CodeIgniter\CodeIgniter->handleRequest(null, Object(Config\Cache), false)
 6 FCPATH\index.php(67): CodeIgniter\CodeIgniter->run()
CRITICAL - 2023-05-19 10:01:34 --> date_diff(): Argument #1 ($baseObject) must be of type DateTimeInterface, string given
in APPPATH\Models\ModeloProduccion.php on line 335.
 1 APPPATH\Models\ModeloProduccion.php(335): date_diff('2023-05-22', 3)
 2 APPPATH\Controllers\Produccion.php(108): App\Models\ModeloProduccion->PaginadorProduccion('1', null)
 3 SYSTEMPATH\CodeIgniter.php(934): App\Controllers\Produccion->PaginadorProduccion()
 4 SYSTEMPATH\CodeIgniter.php(499): CodeIgniter\CodeIgniter->runController(Object(App\Controllers\Produccion))
 5 SYSTEMPATH\CodeIgniter.php(368): CodeIgniter\CodeIgniter->handleRequest(null, Object(Config\Cache), false)
 6 FCPATH\index.php(67): CodeIgniter\CodeIgniter->run()
CRITICAL - 2023-05-19 10:01:35 --> date_diff(): Argument #1 ($baseObject) must be of type DateTimeInterface, string given
in APPPATH\Models\ModeloProduccion.php on line 335.
 1 APPPATH\Models\ModeloProduccion.php(335): date_diff('2023-05-22', 3)
 2 APPPATH\Controllers\Produccion.php(108): App\Models\ModeloProduccion->PaginadorProduccion('1', null)
 3 SYSTEMPATH\CodeIgniter.php(934): App\Controllers\Produccion->PaginadorProduccion()
 4 SYSTEMPATH\CodeIgniter.php(499): CodeIgniter\CodeIgniter->runController(Object(App\Controllers\Produccion))
 5 SYSTEMPATH\CodeIgniter.php(368): CodeIgniter\CodeIgniter->handleRequest(null, Object(Config\Cache), false)
 6 FCPATH\index.php(67): CodeIgniter\CodeIgniter->run()
CRITICAL - 2023-05-19 10:02:46 --> date_diff(): Argument #1 ($baseObject) must be of type DateTimeInterface, string given
in APPPATH\Models\ModeloProduccion.php on line 335.
 1 APPPATH\Models\ModeloProduccion.php(335): date_diff('2023-05-22', 3)
 2 APPPATH\Controllers\Produccion.php(108): App\Models\ModeloProduccion->PaginadorProduccion('1', null)
 3 SYSTEMPATH\CodeIgniter.php(934): App\Controllers\Produccion->PaginadorProduccion()
 4 SYSTEMPATH\CodeIgniter.php(499): CodeIgniter\CodeIgniter->runController(Object(App\Controllers\Produccion))
 5 SYSTEMPATH\CodeIgniter.php(368): CodeIgniter\CodeIgniter->handleRequest(null, Object(Config\Cache), false)
 6 FCPATH\index.php(67): CodeIgniter\CodeIgniter->run()
CRITICAL - 2023-05-19 10:02:48 --> date_diff(): Argument #1 ($baseObject) must be of type DateTimeInterface, string given
in APPPATH\Models\ModeloProduccion.php on line 335.
 1 APPPATH\Models\ModeloProduccion.php(335): date_diff('2023-05-22', 3)
 2 APPPATH\Controllers\Produccion.php(108): App\Models\ModeloProduccion->PaginadorProduccion('1', null)
 3 SYSTEMPATH\CodeIgniter.php(934): App\Controllers\Produccion->PaginadorProduccion()
 4 SYSTEMPATH\CodeIgniter.php(499): CodeIgniter\CodeIgniter->runController(Object(App\Controllers\Produccion))
 5 SYSTEMPATH\CodeIgniter.php(368): CodeIgniter\CodeIgniter->handleRequest(null, Object(Config\Cache), false)
 6 FCPATH\index.php(67): CodeIgniter\CodeIgniter->run()
CRITICAL - 2023-05-19 10:07:21 --> Object of class DateTime could not be converted to string
in APPPATH\Models\ModeloProduccion.php on line 363.
 1 APPPATH\Controllers\Produccion.php(108): App\Models\ModeloProduccion->PaginadorProduccion('1', null)
 2 SYSTEMPATH\CodeIgniter.php(934): App\Controllers\Produccion->PaginadorProduccion()
 3 SYSTEMPATH\CodeIgniter.php(499): CodeIgniter\CodeIgniter->runController(Object(App\Controllers\Produccion))
 4 SYSTEMPATH\CodeIgniter.php(368): CodeIgniter\CodeIgniter->handleRequest(null, Object(Config\Cache), false)
 5 FCPATH\index.php(67): CodeIgniter\CodeIgniter->run()
CRITICAL - 2023-05-19 10:07:22 --> Object of class DateTime could not be converted to string
in APPPATH\Models\ModeloProduccion.php on line 363.
 1 APPPATH\Controllers\Produccion.php(108): App\Models\ModeloProduccion->PaginadorProduccion('1', null)
 2 SYSTEMPATH\CodeIgniter.php(934): App\Controllers\Produccion->PaginadorProduccion()
 3 SYSTEMPATH\CodeIgniter.php(499): CodeIgniter\CodeIgniter->runController(Object(App\Controllers\Produccion))
 4 SYSTEMPATH\CodeIgniter.php(368): CodeIgniter\CodeIgniter->handleRequest(null, Object(Config\Cache), false)
 5 FCPATH\index.php(67): CodeIgniter\CodeIgniter->run()
CRITICAL - 2023-05-19 10:07:23 --> Object of class DateTime could not be converted to string
in APPPATH\Models\ModeloProduccion.php on line 363.
 1 APPPATH\Controllers\Produccion.php(108): App\Models\ModeloProduccion->PaginadorProduccion('1', null)
 2 SYSTEMPATH\CodeIgniter.php(934): App\Controllers\Produccion->PaginadorProduccion()
 3 SYSTEMPATH\CodeIgniter.php(499): CodeIgniter\CodeIgniter->runController(Object(App\Controllers\Produccion))
 4 SYSTEMPATH\CodeIgniter.php(368): CodeIgniter\CodeIgniter->handleRequest(null, Object(Config\Cache), false)
 5 FCPATH\index.php(67): CodeIgniter\CodeIgniter->run()
CRITICAL - 2023-05-19 10:07:56 --> Object of class DateTime could not be converted to string
in APPPATH\Models\ModeloProduccion.php on line 363.
 1 APPPATH\Controllers\Produccion.php(108): App\Models\ModeloProduccion->PaginadorProduccion('1', null)
 2 SYSTEMPATH\CodeIgniter.php(934): App\Controllers\Produccion->PaginadorProduccion()
 3 SYSTEMPATH\CodeIgniter.php(499): CodeIgniter\CodeIgniter->runController(Object(App\Controllers\Produccion))
 4 SYSTEMPATH\CodeIgniter.php(368): CodeIgniter\CodeIgniter->handleRequest(null, Object(Config\Cache), false)
 5 FCPATH\index.php(67): CodeIgniter\CodeIgniter->run()
CRITICAL - 2023-05-19 10:07:57 --> Object of class DateTime could not be converted to string
in APPPATH\Models\ModeloProduccion.php on line 363.
 1 APPPATH\Controllers\Produccion.php(108): App\Models\ModeloProduccion->PaginadorProduccion('1', null)
 2 SYSTEMPATH\CodeIgniter.php(934): App\Controllers\Produccion->PaginadorProduccion()
 3 SYSTEMPATH\CodeIgniter.php(499): CodeIgniter\CodeIgniter->runController(Object(App\Controllers\Produccion))
 4 SYSTEMPATH\CodeIgniter.php(368): CodeIgniter\CodeIgniter->handleRequest(null, Object(Config\Cache), false)
 5 FCPATH\index.php(67): CodeIgniter\CodeIgniter->run()
