CRITICAL - 2023-05-07 00:23:52 --> Too few arguments to function App\Controllers\Admin::cliente(), 1 passed in C:\xampp\htdocs\SistemaFrutal\system\CodeIgniter.php on line 934 and exactly 3 expected
in APPPATH\Controllers\Admin.php on line 185.
 1 SYSTEMPATH\CodeIgniter.php(934): App\Controllers\Admin->cliente('new')
 2 SYSTEMPATH\CodeIgniter.php(499): CodeIgniter\CodeIgniter->runController(Object(App\Controllers\Admin))
 3 SYSTEMPATH\CodeIgniter.php(368): CodeIgniter\CodeIgniter->handleRequest(null, Object(Config\Cache), false)
 4 FCPATH\index.php(67): CodeIgniter\CodeIgniter->run()
CRITICAL - 2023-05-07 00:25:25 --> Too few arguments to function App\Controllers\Admin::cliente(), 1 passed in C:\xampp\htdocs\SistemaFrutal\system\CodeIgniter.php on line 934 and exactly 3 expected
in APPPATH\Controllers\Admin.php on line 185.
 1 SYSTEMPATH\CodeIgniter.php(934): App\Controllers\Admin->cliente('new')
 2 SYSTEMPATH\CodeIgniter.php(499): CodeIgniter\CodeIgniter->runController(Object(App\Controllers\Admin))
 3 SYSTEMPATH\CodeIgniter.php(368): CodeIgniter\CodeIgniter->handleRequest(null, Object(Config\Cache), false)
 4 FCPATH\index.php(67): CodeIgniter\CodeIgniter->run()
CRITICAL - 2023-05-07 00:54:46 --> Trying to access array offset on value of type bool
in APPPATH\Controllers\Cliente.php on line 218.
 1 APPPATH\Controllers\Cliente.php(218): CodeIgniter\Debug\Exceptions->errorHandler(2, 'Trying to access array offset on value of type bool', 'C:\\xampp\\htdocs\\SistemaFrutal\\app\\Controllers\\Cliente.php', 218)
 2 SYSTEMPATH\CodeIgniter.php(934): App\Controllers\Cliente->RecuperarPasswordCliente()
 3 SYSTEMPATH\CodeIgniter.php(499): CodeIgniter\CodeIgniter->runController(Object(App\Controllers\Cliente))
 4 SYSTEMPATH\CodeIgniter.php(368): CodeIgniter\CodeIgniter->handleRequest(null, Object(Config\Cache), false)
 5 FCPATH\index.php(67): CodeIgniter\CodeIgniter->run()
CRITICAL - 2023-05-07 00:55:36 --> Trying to access array offset on value of type bool
in APPPATH\Controllers\Cliente.php on line 218.
 1 APPPATH\Controllers\Cliente.php(218): CodeIgniter\Debug\Exceptions->errorHandler(2, 'Trying to access array offset on value of type bool', 'C:\\xampp\\htdocs\\SistemaFrutal\\app\\Controllers\\Cliente.php', 218)
 2 SYSTEMPATH\CodeIgniter.php(934): App\Controllers\Cliente->RecuperarPasswordCliente()
 3 SYSTEMPATH\CodeIgniter.php(499): CodeIgniter\CodeIgniter->runController(Object(App\Controllers\Cliente))
 4 SYSTEMPATH\CodeIgniter.php(368): CodeIgniter\CodeIgniter->handleRequest(null, Object(Config\Cache), false)
 5 FCPATH\index.php(67): CodeIgniter\CodeIgniter->run()
CRITICAL - 2023-05-07 00:55:47 --> Trying to access array offset on value of type bool
in APPPATH\Controllers\Cliente.php on line 218.
 1 APPPATH\Controllers\Cliente.php(218): CodeIgniter\Debug\Exceptions->errorHandler(2, 'Trying to access array offset on value of type bool', 'C:\\xampp\\htdocs\\SistemaFrutal\\app\\Controllers\\Cliente.php', 218)
 2 SYSTEMPATH\CodeIgniter.php(934): App\Controllers\Cliente->RecuperarPasswordCliente()
 3 SYSTEMPATH\CodeIgniter.php(499): CodeIgniter\CodeIgniter->runController(Object(App\Controllers\Cliente))
 4 SYSTEMPATH\CodeIgniter.php(368): CodeIgniter\CodeIgniter->handleRequest(null, Object(Config\Cache), false)
 5 FCPATH\index.php(67): CodeIgniter\CodeIgniter->run()
CRITICAL - 2023-05-07 00:56:02 --> Trying to access array offset on value of type bool
in APPPATH\Controllers\Cliente.php on line 218.
 1 APPPATH\Controllers\Cliente.php(218): CodeIgniter\Debug\Exceptions->errorHandler(2, 'Trying to access array offset on value of type bool', 'C:\\xampp\\htdocs\\SistemaFrutal\\app\\Controllers\\Cliente.php', 218)
 2 SYSTEMPATH\CodeIgniter.php(934): App\Controllers\Cliente->RecuperarPasswordCliente()
 3 SYSTEMPATH\CodeIgniter.php(499): CodeIgniter\CodeIgniter->runController(Object(App\Controllers\Cliente))
 4 SYSTEMPATH\CodeIgniter.php(368): CodeIgniter\CodeIgniter->handleRequest(null, Object(Config\Cache), false)
 5 FCPATH\index.php(67): CodeIgniter\CodeIgniter->run()
CRITICAL - 2023-05-07 00:56:33 --> Trying to access array offset on value of type bool
in APPPATH\Controllers\Cliente.php on line 218.
 1 APPPATH\Controllers\Cliente.php(218): CodeIgniter\Debug\Exceptions->errorHandler(2, 'Trying to access array offset on value of type bool', 'C:\\xampp\\htdocs\\SistemaFrutal\\app\\Controllers\\Cliente.php', 218)
 2 SYSTEMPATH\CodeIgniter.php(934): App\Controllers\Cliente->RecuperarPasswordCliente()
 3 SYSTEMPATH\CodeIgniter.php(499): CodeIgniter\CodeIgniter->runController(Object(App\Controllers\Cliente))
 4 SYSTEMPATH\CodeIgniter.php(368): CodeIgniter\CodeIgniter->handleRequest(null, Object(Config\Cache), false)
 5 FCPATH\index.php(67): CodeIgniter\CodeIgniter->run()
CRITICAL - 2023-05-07 00:56:50 --> Trying to access array offset on value of type bool
in APPPATH\Controllers\Cliente.php on line 219.
 1 APPPATH\Controllers\Cliente.php(219): CodeIgniter\Debug\Exceptions->errorHandler(2, 'Trying to access array offset on value of type bool', 'C:\\xampp\\htdocs\\SistemaFrutal\\app\\Controllers\\Cliente.php', 219)
 2 SYSTEMPATH\CodeIgniter.php(934): App\Controllers\Cliente->RecuperarPasswordCliente()
 3 SYSTEMPATH\CodeIgniter.php(499): CodeIgniter\CodeIgniter->runController(Object(App\Controllers\Cliente))
 4 SYSTEMPATH\CodeIgniter.php(368): CodeIgniter\CodeIgniter->handleRequest(null, Object(Config\Cache), false)
 5 FCPATH\index.php(67): CodeIgniter\CodeIgniter->run()
CRITICAL - 2023-05-07 00:57:27 --> Trying to access array offset on value of type bool
in APPPATH\Controllers\Cliente.php on line 219.
 1 APPPATH\Controllers\Cliente.php(219): CodeIgniter\Debug\Exceptions->errorHandler(2, 'Trying to access array offset on value of type bool', 'C:\\xampp\\htdocs\\SistemaFrutal\\app\\Controllers\\Cliente.php', 219)
 2 SYSTEMPATH\CodeIgniter.php(934): App\Controllers\Cliente->RecuperarPasswordCliente()
 3 SYSTEMPATH\CodeIgniter.php(499): CodeIgniter\CodeIgniter->runController(Object(App\Controllers\Cliente))
 4 SYSTEMPATH\CodeIgniter.php(368): CodeIgniter\CodeIgniter->handleRequest(null, Object(Config\Cache), false)
 5 FCPATH\index.php(67): CodeIgniter\CodeIgniter->run()
