CRITICAL - 2023-05-15 20:15:21 --> Undefined variable $editar
in APPPATH\Views\admin\produccion\ForProduccion.php on line 28.
 1 APPPATH\Views\admin\produccion\ForProduccion.php(28): CodeIgniter\Debug\Exceptions->errorHandler(2, 'Undefined variable $editar', 'C:\\xampp\\htdocs\\SistemaFrutal\\app\\Views\\admin\\produccion\\ForProduccion.php', 28)
 2 SYSTEMPATH\View\View.php(213): include('C:\\xampp\\htdocs\\SistemaFrutal\\app\\Views\\admin\\produccion\\ForProduccion.php')
 3 SYSTEMPATH\View\View.php(216): CodeIgniter\View\View->CodeIgniter\View\{closure}()
 4 SYSTEMPATH\Common.php(1184): CodeIgniter\View\View->render('admin/produccion/ForProduccion', [], true)
 5 APPPATH\Controllers\Admin.php(630): view('admin/produccion/ForProduccion', [...])
 6 SYSTEMPATH\CodeIgniter.php(934): App\Controllers\Admin->produccion('create', '0')
 7 SYSTEMPATH\CodeIgniter.php(499): CodeIgniter\CodeIgniter->runController(Object(App\Controllers\Admin))
 8 SYSTEMPATH\CodeIgniter.php(368): CodeIgniter\CodeIgniter->handleRequest(null, Object(Config\Cache), false)
 9 FCPATH\index.php(67): CodeIgniter\CodeIgniter->run()
CRITICAL - 2023-05-15 20:15:23 --> Undefined variable $editar
in APPPATH\Views\admin\produccion\ForProduccion.php on line 28.
 1 APPPATH\Views\admin\produccion\ForProduccion.php(28): CodeIgniter\Debug\Exceptions->errorHandler(2, 'Undefined variable $editar', 'C:\\xampp\\htdocs\\SistemaFrutal\\app\\Views\\admin\\produccion\\ForProduccion.php', 28)
 2 SYSTEMPATH\View\View.php(213): include('C:\\xampp\\htdocs\\SistemaFrutal\\app\\Views\\admin\\produccion\\ForProduccion.php')
 3 SYSTEMPATH\View\View.php(216): CodeIgniter\View\View->CodeIgniter\View\{closure}()
 4 SYSTEMPATH\Common.php(1184): CodeIgniter\View\View->render('admin/produccion/ForProduccion', [], true)
 5 APPPATH\Controllers\Admin.php(630): view('admin/produccion/ForProduccion', [...])
 6 SYSTEMPATH\CodeIgniter.php(934): App\Controllers\Admin->produccion('create', '0')
 7 SYSTEMPATH\CodeIgniter.php(499): CodeIgniter\CodeIgniter->runController(Object(App\Controllers\Admin))
 8 SYSTEMPATH\CodeIgniter.php(368): CodeIgniter\CodeIgniter->handleRequest(null, Object(Config\Cache), false)
 9 FCPATH\index.php(67): CodeIgniter\CodeIgniter->run()
CRITICAL - 2023-05-15 20:20:11 --> Undefined variable $editar
in APPPATH\Views\admin\produccion\ForProduccion.php on line 28.
 1 APPPATH\Views\admin\produccion\ForProduccion.php(28): CodeIgniter\Debug\Exceptions->errorHandler(2, 'Undefined variable $editar', 'C:\\xampp\\htdocs\\SistemaFrutal\\app\\Views\\admin\\produccion\\ForProduccion.php', 28)
 2 SYSTEMPATH\View\View.php(213): include('C:\\xampp\\htdocs\\SistemaFrutal\\app\\Views\\admin\\produccion\\ForProduccion.php')
 3 SYSTEMPATH\View\View.php(216): CodeIgniter\View\View->CodeIgniter\View\{closure}()
 4 SYSTEMPATH\Common.php(1184): CodeIgniter\View\View->render('admin/produccion/ForProduccion', [], true)
 5 APPPATH\Controllers\Admin.php(630): view('admin/produccion/ForProduccion', [...])
 6 SYSTEMPATH\CodeIgniter.php(934): App\Controllers\Admin->produccion('create', '0')
 7 SYSTEMPATH\CodeIgniter.php(499): CodeIgniter\CodeIgniter->runController(Object(App\Controllers\Admin))
 8 SYSTEMPATH\CodeIgniter.php(368): CodeIgniter\CodeIgniter->handleRequest(null, Object(Config\Cache), false)
 9 FCPATH\index.php(67): CodeIgniter\CodeIgniter->run()
CRITICAL - 2023-05-15 20:20:24 --> Undefined variable $editar
in APPPATH\Views\admin\produccion\ForProduccion.php on line 28.
 1 APPPATH\Views\admin\produccion\ForProduccion.php(28): CodeIgniter\Debug\Exceptions->errorHandler(2, 'Undefined variable $editar', 'C:\\xampp\\htdocs\\SistemaFrutal\\app\\Views\\admin\\produccion\\ForProduccion.php', 28)
 2 SYSTEMPATH\View\View.php(213): include('C:\\xampp\\htdocs\\SistemaFrutal\\app\\Views\\admin\\produccion\\ForProduccion.php')
 3 SYSTEMPATH\View\View.php(216): CodeIgniter\View\View->CodeIgniter\View\{closure}()
 4 SYSTEMPATH\Common.php(1184): CodeIgniter\View\View->render('admin/produccion/ForProduccion', [], true)
 5 APPPATH\Controllers\Admin.php(630): view('admin/produccion/ForProduccion', [...])
 6 SYSTEMPATH\CodeIgniter.php(934): App\Controllers\Admin->produccion('create', '0')
 7 SYSTEMPATH\CodeIgniter.php(499): CodeIgniter\CodeIgniter->runController(Object(App\Controllers\Admin))
 8 SYSTEMPATH\CodeIgniter.php(368): CodeIgniter\CodeIgniter->handleRequest(null, Object(Config\Cache), false)
 9 FCPATH\index.php(67): CodeIgniter\CodeIgniter->run()
CRITICAL - 2023-05-15 20:20:25 --> Undefined variable $editar
in APPPATH\Views\admin\produccion\ForProduccion.php on line 28.
 1 APPPATH\Views\admin\produccion\ForProduccion.php(28): CodeIgniter\Debug\Exceptions->errorHandler(2, 'Undefined variable $editar', 'C:\\xampp\\htdocs\\SistemaFrutal\\app\\Views\\admin\\produccion\\ForProduccion.php', 28)
 2 SYSTEMPATH\View\View.php(213): include('C:\\xampp\\htdocs\\SistemaFrutal\\app\\Views\\admin\\produccion\\ForProduccion.php')
 3 SYSTEMPATH\View\View.php(216): CodeIgniter\View\View->CodeIgniter\View\{closure}()
 4 SYSTEMPATH\Common.php(1184): CodeIgniter\View\View->render('admin/produccion/ForProduccion', [], true)
 5 APPPATH\Controllers\Admin.php(630): view('admin/produccion/ForProduccion', [...])
 6 SYSTEMPATH\CodeIgniter.php(934): App\Controllers\Admin->produccion('create', '0')
 7 SYSTEMPATH\CodeIgniter.php(499): CodeIgniter\CodeIgniter->runController(Object(App\Controllers\Admin))
 8 SYSTEMPATH\CodeIgniter.php(368): CodeIgniter\CodeIgniter->handleRequest(null, Object(Config\Cache), false)
 9 FCPATH\index.php(67): CodeIgniter\CodeIgniter->run()
