CRITICAL - 2023-06-03 09:20:46 --> PDOStatement::bindParam(): Argument #2 ($var) cannot be passed by reference
in APPPATH\Models\ModeloTienda.php on line 831.
 1 APPPATH\Controllers\Tienda.php(174): App\Models\ModeloTienda->RegistrarVentaCarrito('9', null, '14906.00', '1788.72', '16694.72')
 2 SYSTEMPATH\CodeIgniter.php(934): App\Controllers\Tienda->RegistrarVentaCarrito()
 3 SYSTEMPATH\CodeIgniter.php(499): CodeIgniter\CodeIgniter->runController(Object(App\Controllers\Tienda))
 4 SYSTEMPATH\CodeIgniter.php(368): CodeIgniter\CodeIgniter->handleRequest(null, Object(Config\Cache), false)
 5 FCPATH\index.php(67): CodeIgniter\CodeIgniter->run()
CRITICAL - 2023-06-03 18:33:27 --> PDOStatement::bindParam(): Argument #2 ($var) cannot be passed by reference
in APPPATH\Models\ModeloTienda.php on line 831.
 1 APPPATH\Controllers\Tienda.php(177): App\Models\ModeloTienda->RegistrarVentaCarrito('9', 'bbbb', '14906.00', '1788.72', '16694.72', 'aaaa', 'cccc')
 2 SYSTEMPATH\CodeIgniter.php(934): App\Controllers\Tienda->RegistrarVentaCarrito()
 3 SYSTEMPATH\CodeIgniter.php(499): CodeIgniter\CodeIgniter->runController(Object(App\Controllers\Tienda))
 4 SYSTEMPATH\CodeIgniter.php(368): CodeIgniter\CodeIgniter->handleRequest(null, Object(Config\Cache), false)
 5 FCPATH\index.php(67): CodeIgniter\CodeIgniter->run()
CRITICAL - 2023-06-03 18:42:20 --> PDOStatement::bindParam(): Argument #2 ($var) cannot be passed by reference
in APPPATH\Models\ModeloTienda.php on line 831.
 1 APPPATH\Controllers\Tienda.php(177): App\Models\ModeloTienda->RegistrarVentaCarrito('9', '', '14906.00', '1788.72', '16694.72', '', '')
 2 SYSTEMPATH\CodeIgniter.php(934): App\Controllers\Tienda->RegistrarVentaCarrito()
 3 SYSTEMPATH\CodeIgniter.php(499): CodeIgniter\CodeIgniter->runController(Object(App\Controllers\Tienda))
 4 SYSTEMPATH\CodeIgniter.php(368): CodeIgniter\CodeIgniter->handleRequest(null, Object(Config\Cache), false)
 5 FCPATH\index.php(67): CodeIgniter\CodeIgniter->run()
CRITICAL - 2023-06-03 18:43:53 --> PDOStatement::bindParam(): Argument #2 ($var) cannot be passed by reference
in APPPATH\Models\ModeloTienda.php on line 831.
 1 APPPATH\Controllers\Tienda.php(177): App\Models\ModeloTienda->RegistrarVentaCarrito('9', '', '14906.00', '1788.72', '16694.72', '', '')
 2 SYSTEMPATH\CodeIgniter.php(934): App\Controllers\Tienda->RegistrarVentaCarrito()
 3 SYSTEMPATH\CodeIgniter.php(499): CodeIgniter\CodeIgniter->runController(Object(App\Controllers\Tienda))
 4 SYSTEMPATH\CodeIgniter.php(368): CodeIgniter\CodeIgniter->handleRequest(null, Object(Config\Cache), false)
 5 FCPATH\index.php(67): CodeIgniter\CodeIgniter->run()
CRITICAL - 2023-06-03 18:44:22 --> PDOStatement::bindParam(): Argument #2 ($var) cannot be passed by reference
in APPPATH\Models\ModeloTienda.php on line 831.
 1 APPPATH\Controllers\Tienda.php(177): App\Models\ModeloTienda->RegistrarVentaCarrito('9', 'sd', '14906.00', '1788.72', '16694.72', 'sds', 'sd')
 2 SYSTEMPATH\CodeIgniter.php(934): App\Controllers\Tienda->RegistrarVentaCarrito()
 3 SYSTEMPATH\CodeIgniter.php(499): CodeIgniter\CodeIgniter->runController(Object(App\Controllers\Tienda))
 4 SYSTEMPATH\CodeIgniter.php(368): CodeIgniter\CodeIgniter->handleRequest(null, Object(Config\Cache), false)
 5 FCPATH\index.php(67): CodeIgniter\CodeIgniter->run()
CRITICAL - 2023-06-03 18:45:04 --> PDOStatement::bindParam(): Argument #2 ($var) cannot be passed by reference
in APPPATH\Models\ModeloTienda.php on line 831.
 1 APPPATH\Controllers\Tienda.php(177): App\Models\ModeloTienda->RegistrarVentaCarrito('9', 'sd', '14906.00', '1788.72', '16694.72', 'sd', 'sd')
 2 SYSTEMPATH\CodeIgniter.php(934): App\Controllers\Tienda->RegistrarVentaCarrito()
 3 SYSTEMPATH\CodeIgniter.php(499): CodeIgniter\CodeIgniter->runController(Object(App\Controllers\Tienda))
 4 SYSTEMPATH\CodeIgniter.php(368): CodeIgniter\CodeIgniter->handleRequest(null, Object(Config\Cache), false)
 5 FCPATH\index.php(67): CodeIgniter\CodeIgniter->run()
CRITICAL - 2023-06-03 18:45:54 --> PDOStatement::bindParam(): Argument #2 ($var) cannot be passed by reference
in APPPATH\Models\ModeloTienda.php on line 831.
 1 APPPATH\Controllers\Tienda.php(177): App\Models\ModeloTienda->RegistrarVentaCarrito('9', 'SD', '14906.00', '1788.72', '16694.72', 'DSSD', 'SD')
 2 SYSTEMPATH\CodeIgniter.php(934): App\Controllers\Tienda->RegistrarVentaCarrito()
 3 SYSTEMPATH\CodeIgniter.php(499): CodeIgniter\CodeIgniter->runController(Object(App\Controllers\Tienda))
 4 SYSTEMPATH\CodeIgniter.php(368): CodeIgniter\CodeIgniter->handleRequest(null, Object(Config\Cache), false)
 5 FCPATH\index.php(67): CodeIgniter\CodeIgniter->run()
CRITICAL - 2023-06-03 18:45:56 --> PDOStatement::bindParam(): Argument #2 ($var) cannot be passed by reference
in APPPATH\Models\ModeloTienda.php on line 831.
 1 APPPATH\Controllers\Tienda.php(177): App\Models\ModeloTienda->RegistrarVentaCarrito('9', 'SD', '14906.00', '1788.72', '16694.72', 'DSSD', 'SD')
 2 SYSTEMPATH\CodeIgniter.php(934): App\Controllers\Tienda->RegistrarVentaCarrito()
 3 SYSTEMPATH\CodeIgniter.php(499): CodeIgniter\CodeIgniter->runController(Object(App\Controllers\Tienda))
 4 SYSTEMPATH\CodeIgniter.php(368): CodeIgniter\CodeIgniter->handleRequest(null, Object(Config\Cache), false)
 5 FCPATH\index.php(67): CodeIgniter\CodeIgniter->run()
CRITICAL - 2023-06-03 18:46:54 --> PDOStatement::bindParam(): Argument #2 ($var) cannot be passed by reference
in APPPATH\Models\ModeloTienda.php on line 831.
 1 APPPATH\Controllers\Tienda.php(177): App\Models\ModeloTienda->RegistrarVentaCarrito('9', 'SD', '14906.00', '1788.72', '16694.72', 'DSSD', 'SD')
 2 SYSTEMPATH\CodeIgniter.php(934): App\Controllers\Tienda->RegistrarVentaCarrito()
 3 SYSTEMPATH\CodeIgniter.php(499): CodeIgniter\CodeIgniter->runController(Object(App\Controllers\Tienda))
 4 SYSTEMPATH\CodeIgniter.php(368): CodeIgniter\CodeIgniter->handleRequest(null, Object(Config\Cache), false)
 5 FCPATH\index.php(67): CodeIgniter\CodeIgniter->run()
CRITICAL - 2023-06-03 18:49:09 --> PDOStatement::bindParam(): Argument #2 ($var) cannot be passed by reference
in APPPATH\Models\ModeloTienda.php on line 831.
 1 APPPATH\Controllers\Tienda.php(177): App\Models\ModeloTienda->RegistrarVentaCarrito('9', 'SD', '14906.00', '1788.72', '16694.72', 'DSSD', 'SD')
 2 SYSTEMPATH\CodeIgniter.php(934): App\Controllers\Tienda->RegistrarVentaCarrito()
 3 SYSTEMPATH\CodeIgniter.php(499): CodeIgniter\CodeIgniter->runController(Object(App\Controllers\Tienda))
 4 SYSTEMPATH\CodeIgniter.php(368): CodeIgniter\CodeIgniter->handleRequest(null, Object(Config\Cache), false)
 5 FCPATH\index.php(67): CodeIgniter\CodeIgniter->run()
CRITICAL - 2023-06-03 18:49:25 --> PDOStatement::bindParam(): Argument #2 ($var) cannot be passed by reference
in APPPATH\Models\ModeloTienda.php on line 831.
 1 APPPATH\Controllers\Tienda.php(177): App\Models\ModeloTienda->RegistrarVentaCarrito('9', 'SD', '14906.00', '1788.72', '16694.72', 'DSSD', 'SD')
 2 SYSTEMPATH\CodeIgniter.php(934): App\Controllers\Tienda->RegistrarVentaCarrito()
 3 SYSTEMPATH\CodeIgniter.php(499): CodeIgniter\CodeIgniter->runController(Object(App\Controllers\Tienda))
 4 SYSTEMPATH\CodeIgniter.php(368): CodeIgniter\CodeIgniter->handleRequest(null, Object(Config\Cache), false)
 5 FCPATH\index.php(67): CodeIgniter\CodeIgniter->run()
CRITICAL - 2023-06-03 18:49:32 --> PDOStatement::bindParam(): Argument #2 ($var) cannot be passed by reference
in APPPATH\Models\ModeloTienda.php on line 831.
 1 APPPATH\Controllers\Tienda.php(177): App\Models\ModeloTienda->RegistrarVentaCarrito('9', 'SD', '14906.00', '1788.72', '16694.72', 'DSSD', 'SD')
 2 SYSTEMPATH\CodeIgniter.php(934): App\Controllers\Tienda->RegistrarVentaCarrito()
 3 SYSTEMPATH\CodeIgniter.php(499): CodeIgniter\CodeIgniter->runController(Object(App\Controllers\Tienda))
 4 SYSTEMPATH\CodeIgniter.php(368): CodeIgniter\CodeIgniter->handleRequest(null, Object(Config\Cache), false)
 5 FCPATH\index.php(67): CodeIgniter\CodeIgniter->run()
CRITICAL - 2023-06-03 18:49:41 --> PDOStatement::bindParam(): Argument #2 ($var) cannot be passed by reference
in APPPATH\Models\ModeloTienda.php on line 831.
 1 APPPATH\Controllers\Tienda.php(177): App\Models\ModeloTienda->RegistrarVentaCarrito('9', 'SD', '14906.00', '1788.72', '16694.72', 'DSSD', 'SD')
 2 SYSTEMPATH\CodeIgniter.php(934): App\Controllers\Tienda->RegistrarVentaCarrito()
 3 SYSTEMPATH\CodeIgniter.php(499): CodeIgniter\CodeIgniter->runController(Object(App\Controllers\Tienda))
 4 SYSTEMPATH\CodeIgniter.php(368): CodeIgniter\CodeIgniter->handleRequest(null, Object(Config\Cache), false)
 5 FCPATH\index.php(67): CodeIgniter\CodeIgniter->run()
CRITICAL - 2023-06-03 18:51:26 --> PDOStatement::bindParam(): Argument #2 ($var) cannot be passed by reference
in APPPATH\Models\ModeloTienda.php on line 832.
 1 APPPATH\Controllers\Tienda.php(177): App\Models\ModeloTienda->RegistrarVentaCarrito('9', 'SD', '14906.00', '1788.72', '16694.72', 'DSSD', 'SD')
 2 SYSTEMPATH\CodeIgniter.php(934): App\Controllers\Tienda->RegistrarVentaCarrito()
 3 SYSTEMPATH\CodeIgniter.php(499): CodeIgniter\CodeIgniter->runController(Object(App\Controllers\Tienda))
 4 SYSTEMPATH\CodeIgniter.php(368): CodeIgniter\CodeIgniter->handleRequest(null, Object(Config\Cache), false)
 5 FCPATH\index.php(67): CodeIgniter\CodeIgniter->run()
CRITICAL - 2023-06-03 18:52:14 --> PDOStatement::bindParam(): Argument #2 ($var) cannot be passed by reference
in APPPATH\Models\ModeloTienda.php on line 832.
 1 APPPATH\Controllers\Tienda.php(177): App\Models\ModeloTienda->RegistrarVentaCarrito('9', 'SD', '14906.00', '1788.72', '16694.72', 'DSSD', 'SD')
 2 SYSTEMPATH\CodeIgniter.php(934): App\Controllers\Tienda->RegistrarVentaCarrito()
 3 SYSTEMPATH\CodeIgniter.php(499): CodeIgniter\CodeIgniter->runController(Object(App\Controllers\Tienda))
 4 SYSTEMPATH\CodeIgniter.php(368): CodeIgniter\CodeIgniter->handleRequest(null, Object(Config\Cache), false)
 5 FCPATH\index.php(67): CodeIgniter\CodeIgniter->run()
CRITICAL - 2023-06-03 18:54:47 --> PDOStatement::bindParam(): Argument #2 ($var) cannot be passed by reference
in APPPATH\Models\ModeloTienda.php on line 832.
 1 APPPATH\Controllers\Tienda.php(177): App\Models\ModeloTienda->RegistrarVentaCarrito('9', 'SD', '14906.00', '1788.72', '16694.72', 'DSSD', 'SD')
 2 SYSTEMPATH\CodeIgniter.php(934): App\Controllers\Tienda->RegistrarVentaCarrito()
 3 SYSTEMPATH\CodeIgniter.php(499): CodeIgniter\CodeIgniter->runController(Object(App\Controllers\Tienda))
 4 SYSTEMPATH\CodeIgniter.php(368): CodeIgniter\CodeIgniter->handleRequest(null, Object(Config\Cache), false)
 5 FCPATH\index.php(67): CodeIgniter\CodeIgniter->run()
CRITICAL - 2023-06-03 19:02:27 --> PDOStatement::bindParam(): Argument #2 ($var) cannot be passed by reference
in APPPATH\Models\ModeloTienda.php on line 839.
 1 APPPATH\Controllers\Tienda.php(177): App\Models\ModeloTienda->RegistrarVentaCarrito('9', 'SD', '14906.00', '1788.72', '16694.72', 'DSSD', 'SD')
 2 SYSTEMPATH\CodeIgniter.php(934): App\Controllers\Tienda->RegistrarVentaCarrito()
 3 SYSTEMPATH\CodeIgniter.php(499): CodeIgniter\CodeIgniter->runController(Object(App\Controllers\Tienda))
 4 SYSTEMPATH\CodeIgniter.php(368): CodeIgniter\CodeIgniter->handleRequest(null, Object(Config\Cache), false)
 5 FCPATH\index.php(67): CodeIgniter\CodeIgniter->run()
CRITICAL - 2023-06-03 19:02:41 --> PDOStatement::bindParam(): Argument #2 ($var) cannot be passed by reference
in APPPATH\Models\ModeloTienda.php on line 839.
 1 APPPATH\Controllers\Tienda.php(177): App\Models\ModeloTienda->RegistrarVentaCarrito('9', 'SD', '14906.00', '1788.72', '16694.72', 'DSSD', 'SD')
 2 SYSTEMPATH\CodeIgniter.php(934): App\Controllers\Tienda->RegistrarVentaCarrito()
 3 SYSTEMPATH\CodeIgniter.php(499): CodeIgniter\CodeIgniter->runController(Object(App\Controllers\Tienda))
 4 SYSTEMPATH\CodeIgniter.php(368): CodeIgniter\CodeIgniter->handleRequest(null, Object(Config\Cache), false)
 5 FCPATH\index.php(67): CodeIgniter\CodeIgniter->run()
CRITICAL - 2023-06-03 19:28:59 --> Undefined array key "razon_social"
in APPPATH\Views\admin\venta\ListVentasTiendaWeb.php on line 62.
 1 APPPATH\Views\admin\venta\ListVentasTiendaWeb.php(62): CodeIgniter\Debug\Exceptions->errorHandler(2, 'Undefined array key "razon_social"', 'C:\\xampp\\htdocs\\SistemaFrutal\\app\\Views\\admin\\venta\\ListVentasTiendaWeb.php', 62)
 2 SYSTEMPATH\View\View.php(213): include('C:\\xampp\\htdocs\\SistemaFrutal\\app\\Views\\admin\\venta\\ListVentasTiendaWeb.php')
 3 SYSTEMPATH\View\View.php(216): CodeIgniter\View\View->CodeIgniter\View\{closure}()
 4 SYSTEMPATH\Common.php(1184): CodeIgniter\View\View->render('admin/venta/ListVentasTiendaWeb', [], true)
 5 APPPATH\Controllers\Admin.php(757): view('admin/venta/ListVentasTiendaWeb', [...])
 6 SYSTEMPATH\CodeIgniter.php(934): App\Controllers\Admin->ventas('new', '0')
 7 SYSTEMPATH\CodeIgniter.php(499): CodeIgniter\CodeIgniter->runController(Object(App\Controllers\Admin))
 8 SYSTEMPATH\CodeIgniter.php(368): CodeIgniter\CodeIgniter->handleRequest(null, Object(Config\Cache), false)
 9 FCPATH\index.php(67): CodeIgniter\CodeIgniter->run()
CRITICAL - 2023-06-03 19:29:45 --> Undefined array key "razon_social"
in APPPATH\Views\admin\venta\ListVentasTiendaWeb.php on line 62.
 1 APPPATH\Views\admin\venta\ListVentasTiendaWeb.php(62): CodeIgniter\Debug\Exceptions->errorHandler(2, 'Undefined array key "razon_social"', 'C:\\xampp\\htdocs\\SistemaFrutal\\app\\Views\\admin\\venta\\ListVentasTiendaWeb.php', 62)
 2 SYSTEMPATH\View\View.php(213): include('C:\\xampp\\htdocs\\SistemaFrutal\\app\\Views\\admin\\venta\\ListVentasTiendaWeb.php')
 3 SYSTEMPATH\View\View.php(216): CodeIgniter\View\View->CodeIgniter\View\{closure}()
 4 SYSTEMPATH\Common.php(1184): CodeIgniter\View\View->render('admin/venta/ListVentasTiendaWeb', [], true)
 5 APPPATH\Controllers\Admin.php(757): view('admin/venta/ListVentasTiendaWeb', [...])
 6 SYSTEMPATH\CodeIgniter.php(934): App\Controllers\Admin->ventas('web', '0')
 7 SYSTEMPATH\CodeIgniter.php(499): CodeIgniter\CodeIgniter->runController(Object(App\Controllers\Admin))
 8 SYSTEMPATH\CodeIgniter.php(368): CodeIgniter\CodeIgniter->handleRequest(null, Object(Config\Cache), false)
 9 FCPATH\index.php(67): CodeIgniter\CodeIgniter->run()
CRITICAL - 2023-06-03 19:29:48 --> Undefined array key "razon_social"
in APPPATH\Views\admin\venta\ListVentasTiendaWeb.php on line 62.
 1 APPPATH\Views\admin\venta\ListVentasTiendaWeb.php(62): CodeIgniter\Debug\Exceptions->errorHandler(2, 'Undefined array key "razon_social"', 'C:\\xampp\\htdocs\\SistemaFrutal\\app\\Views\\admin\\venta\\ListVentasTiendaWeb.php', 62)
 2 SYSTEMPATH\View\View.php(213): include('C:\\xampp\\htdocs\\SistemaFrutal\\app\\Views\\admin\\venta\\ListVentasTiendaWeb.php')
 3 SYSTEMPATH\View\View.php(216): CodeIgniter\View\View->CodeIgniter\View\{closure}()
 4 SYSTEMPATH\Common.php(1184): CodeIgniter\View\View->render('admin/venta/ListVentasTiendaWeb', [], true)
 5 APPPATH\Controllers\Admin.php(757): view('admin/venta/ListVentasTiendaWeb', [...])
 6 SYSTEMPATH\CodeIgniter.php(934): App\Controllers\Admin->ventas('web', '0')
 7 SYSTEMPATH\CodeIgniter.php(499): CodeIgniter\CodeIgniter->runController(Object(App\Controllers\Admin))
 8 SYSTEMPATH\CodeIgniter.php(368): CodeIgniter\CodeIgniter->handleRequest(null, Object(Config\Cache), false)
 9 FCPATH\index.php(67): CodeIgniter\CodeIgniter->run()
