CRITICAL - 2023-05-08 00:30:31 --> Too few arguments to function App\Controllers\Admin::tipoProducto(), 1 passed in C:\xampp\htdocs\SistemaFrutal\system\CodeIgniter.php on line 934 and exactly 2 expected
in APPPATH\Controllers\Admin.php on line 214.
 1 SYSTEMPATH\CodeIgniter.php(934): App\Controllers\Admin->tipoProducto('list')
 2 SYSTEMPATH\CodeIgniter.php(499): CodeIgniter\CodeIgniter->runController(Object(App\Controllers\Admin))
 3 SYSTEMPATH\CodeIgniter.php(368): CodeIgniter\CodeIgniter->handleRequest(null, Object(Config\Cache), false)
 4 FCPATH\index.php(67): CodeIgniter\CodeIgniter->run()
CRITICAL - 2023-05-08 01:11:20 --> Too few arguments to function App\Controllers\Admin::tipoProducto(), 1 passed in C:\xampp\htdocs\SistemaFrutal\system\CodeIgniter.php on line 934 and exactly 2 expected
in APPPATH\Controllers\Admin.php on line 217.
 1 SYSTEMPATH\CodeIgniter.php(934): App\Controllers\Admin->tipoProducto('list')
 2 SYSTEMPATH\CodeIgniter.php(499): CodeIgniter\CodeIgniter->runController(Object(App\Controllers\Admin))
 3 SYSTEMPATH\CodeIgniter.php(368): CodeIgniter\CodeIgniter->handleRequest(null, Object(Config\Cache), false)
 4 FCPATH\index.php(67): CodeIgniter\CodeIgniter->run()
CRITICAL - 2023-05-08 01:11:50 --> Too few arguments to function App\Controllers\Admin::tipoProducto(), 1 passed in C:\xampp\htdocs\SistemaFrutal\system\CodeIgniter.php on line 934 and exactly 2 expected
in APPPATH\Controllers\Admin.php on line 217.
 1 SYSTEMPATH\CodeIgniter.php(934): App\Controllers\Admin->tipoProducto('list')
 2 SYSTEMPATH\CodeIgniter.php(499): CodeIgniter\CodeIgniter->runController(Object(App\Controllers\Admin))
 3 SYSTEMPATH\CodeIgniter.php(368): CodeIgniter\CodeIgniter->handleRequest(null, Object(Config\Cache), false)
 4 FCPATH\index.php(67): CodeIgniter\CodeIgniter->run()
CRITICAL - 2023-05-08 01:20:02 --> Undefined array key "rol"
in APPPATH\Views\admin\producto\ListTipoProducto.php on line 61.
 1 APPPATH\Views\admin\producto\ListTipoProducto.php(61): CodeIgniter\Debug\Exceptions->errorHandler(2, 'Undefined array key "rol"', 'C:\\xampp\\htdocs\\SistemaFrutal\\app\\Views\\admin\\producto\\ListTipoProducto.php', 61)
 2 SYSTEMPATH\View\View.php(213): include('C:\\xampp\\htdocs\\SistemaFrutal\\app\\Views\\admin\\producto\\ListTipoProducto.php')
 3 SYSTEMPATH\View\View.php(216): CodeIgniter\View\View->CodeIgniter\View\{closure}()
 4 SYSTEMPATH\Common.php(1184): CodeIgniter\View\View->render('admin/producto/ListTipoProducto.php', [], true)
 5 APPPATH\Controllers\Admin.php(225): view('admin/producto/ListTipoProducto.php', [...])
 6 SYSTEMPATH\CodeIgniter.php(934): App\Controllers\Admin->tipoProducto('list', '0')
 7 SYSTEMPATH\CodeIgniter.php(499): CodeIgniter\CodeIgniter->runController(Object(App\Controllers\Admin))
 8 SYSTEMPATH\CodeIgniter.php(368): CodeIgniter\CodeIgniter->handleRequest(null, Object(Config\Cache), false)
 9 FCPATH\index.php(67): CodeIgniter\CodeIgniter->run()
CRITICAL - 2023-05-08 01:20:03 --> Undefined array key "rol"
in APPPATH\Views\admin\producto\ListTipoProducto.php on line 61.
 1 APPPATH\Views\admin\producto\ListTipoProducto.php(61): CodeIgniter\Debug\Exceptions->errorHandler(2, 'Undefined array key "rol"', 'C:\\xampp\\htdocs\\SistemaFrutal\\app\\Views\\admin\\producto\\ListTipoProducto.php', 61)
 2 SYSTEMPATH\View\View.php(213): include('C:\\xampp\\htdocs\\SistemaFrutal\\app\\Views\\admin\\producto\\ListTipoProducto.php')
 3 SYSTEMPATH\View\View.php(216): CodeIgniter\View\View->CodeIgniter\View\{closure}()
 4 SYSTEMPATH\Common.php(1184): CodeIgniter\View\View->render('admin/producto/ListTipoProducto.php', [], true)
 5 APPPATH\Controllers\Admin.php(225): view('admin/producto/ListTipoProducto.php', [...])
 6 SYSTEMPATH\CodeIgniter.php(934): App\Controllers\Admin->tipoProducto('list', '0')
 7 SYSTEMPATH\CodeIgniter.php(499): CodeIgniter\CodeIgniter->runController(Object(App\Controllers\Admin))
 8 SYSTEMPATH\CodeIgniter.php(368): CodeIgniter\CodeIgniter->handleRequest(null, Object(Config\Cache), false)
 9 FCPATH\index.php(67): CodeIgniter\CodeIgniter->run()
CRITICAL - 2023-05-08 01:20:04 --> Undefined array key "rol"
in APPPATH\Views\admin\producto\ListTipoProducto.php on line 61.
 1 APPPATH\Views\admin\producto\ListTipoProducto.php(61): CodeIgniter\Debug\Exceptions->errorHandler(2, 'Undefined array key "rol"', 'C:\\xampp\\htdocs\\SistemaFrutal\\app\\Views\\admin\\producto\\ListTipoProducto.php', 61)
 2 SYSTEMPATH\View\View.php(213): include('C:\\xampp\\htdocs\\SistemaFrutal\\app\\Views\\admin\\producto\\ListTipoProducto.php')
 3 SYSTEMPATH\View\View.php(216): CodeIgniter\View\View->CodeIgniter\View\{closure}()
 4 SYSTEMPATH\Common.php(1184): CodeIgniter\View\View->render('admin/producto/ListTipoProducto.php', [], true)
 5 APPPATH\Controllers\Admin.php(225): view('admin/producto/ListTipoProducto.php', [...])
 6 SYSTEMPATH\CodeIgniter.php(934): App\Controllers\Admin->tipoProducto('list', '0')
 7 SYSTEMPATH\CodeIgniter.php(499): CodeIgniter\CodeIgniter->runController(Object(App\Controllers\Admin))
 8 SYSTEMPATH\CodeIgniter.php(368): CodeIgniter\CodeIgniter->handleRequest(null, Object(Config\Cache), false)
 9 FCPATH\index.php(67): CodeIgniter\CodeIgniter->run()
CRITICAL - 2023-05-08 01:27:23 --> Undefined array key "rol"
in APPPATH\Views\admin\producto\FormProducto.php on line 72.
 1 APPPATH\Views\admin\producto\FormProducto.php(72): CodeIgniter\Debug\Exceptions->errorHandler(2, 'Undefined array key "rol"', 'C:\\xampp\\htdocs\\SistemaFrutal\\app\\Views\\admin\\producto\\FormProducto.php', 72)
 2 SYSTEMPATH\View\View.php(213): include('C:\\xampp\\htdocs\\SistemaFrutal\\app\\Views\\admin\\producto\\FormProducto.php')
 3 SYSTEMPATH\View\View.php(216): CodeIgniter\View\View->CodeIgniter\View\{closure}()
 4 SYSTEMPATH\Common.php(1184): CodeIgniter\View\View->render('admin/producto/FormProducto.php', [], true)
 5 APPPATH\Controllers\Admin.php(274): view('admin/producto/FormProducto.php', [...])
 6 SYSTEMPATH\CodeIgniter.php(934): App\Controllers\Admin->Producto('create', '0')
 7 SYSTEMPATH\CodeIgniter.php(499): CodeIgniter\CodeIgniter->runController(Object(App\Controllers\Admin))
 8 SYSTEMPATH\CodeIgniter.php(368): CodeIgniter\CodeIgniter->handleRequest(null, Object(Config\Cache), false)
 9 FCPATH\index.php(67): CodeIgniter\CodeIgniter->run()
CRITICAL - 2023-05-08 01:27:24 --> Undefined array key "rol"
in APPPATH\Views\admin\producto\FormProducto.php on line 72.
 1 APPPATH\Views\admin\producto\FormProducto.php(72): CodeIgniter\Debug\Exceptions->errorHandler(2, 'Undefined array key "rol"', 'C:\\xampp\\htdocs\\SistemaFrutal\\app\\Views\\admin\\producto\\FormProducto.php', 72)
 2 SYSTEMPATH\View\View.php(213): include('C:\\xampp\\htdocs\\SistemaFrutal\\app\\Views\\admin\\producto\\FormProducto.php')
 3 SYSTEMPATH\View\View.php(216): CodeIgniter\View\View->CodeIgniter\View\{closure}()
 4 SYSTEMPATH\Common.php(1184): CodeIgniter\View\View->render('admin/producto/FormProducto.php', [], true)
 5 APPPATH\Controllers\Admin.php(274): view('admin/producto/FormProducto.php', [...])
 6 SYSTEMPATH\CodeIgniter.php(934): App\Controllers\Admin->Producto('create', '0')
 7 SYSTEMPATH\CodeIgniter.php(499): CodeIgniter\CodeIgniter->runController(Object(App\Controllers\Admin))
 8 SYSTEMPATH\CodeIgniter.php(368): CodeIgniter\CodeIgniter->handleRequest(null, Object(Config\Cache), false)
 9 FCPATH\index.php(67): CodeIgniter\CodeIgniter->run()
CRITICAL - 2023-05-08 01:28:04 --> Undefined array key "rol"
in APPPATH\Views\admin\producto\FormProducto.php on line 72.
 1 APPPATH\Views\admin\producto\FormProducto.php(72): CodeIgniter\Debug\Exceptions->errorHandler(2, 'Undefined array key "rol"', 'C:\\xampp\\htdocs\\SistemaFrutal\\app\\Views\\admin\\producto\\FormProducto.php', 72)
 2 SYSTEMPATH\View\View.php(213): include('C:\\xampp\\htdocs\\SistemaFrutal\\app\\Views\\admin\\producto\\FormProducto.php')
 3 SYSTEMPATH\View\View.php(216): CodeIgniter\View\View->CodeIgniter\View\{closure}()
 4 SYSTEMPATH\Common.php(1184): CodeIgniter\View\View->render('admin/producto/FormProducto.php', [], true)
 5 APPPATH\Controllers\Admin.php(274): view('admin/producto/FormProducto.php', [...])
 6 SYSTEMPATH\CodeIgniter.php(934): App\Controllers\Admin->Producto('create', '0')
 7 SYSTEMPATH\CodeIgniter.php(499): CodeIgniter\CodeIgniter->runController(Object(App\Controllers\Admin))
 8 SYSTEMPATH\CodeIgniter.php(368): CodeIgniter\CodeIgniter->handleRequest(null, Object(Config\Cache), false)
 9 FCPATH\index.php(67): CodeIgniter\CodeIgniter->run()
CRITICAL - 2023-05-08 01:29:40 --> Undefined array key "rol"
in APPPATH\Views\admin\producto\FormProducto.php on line 72.
 1 APPPATH\Views\admin\producto\FormProducto.php(72): CodeIgniter\Debug\Exceptions->errorHandler(2, 'Undefined array key "rol"', 'C:\\xampp\\htdocs\\SistemaFrutal\\app\\Views\\admin\\producto\\FormProducto.php', 72)
 2 SYSTEMPATH\View\View.php(213): include('C:\\xampp\\htdocs\\SistemaFrutal\\app\\Views\\admin\\producto\\FormProducto.php')
 3 SYSTEMPATH\View\View.php(216): CodeIgniter\View\View->CodeIgniter\View\{closure}()
 4 SYSTEMPATH\Common.php(1184): CodeIgniter\View\View->render('admin/producto/FormProducto.php', [], true)
 5 APPPATH\Controllers\Admin.php(274): view('admin/producto/FormProducto.php', [...])
 6 SYSTEMPATH\CodeIgniter.php(934): App\Controllers\Admin->Producto('create', '0')
 7 SYSTEMPATH\CodeIgniter.php(499): CodeIgniter\CodeIgniter->runController(Object(App\Controllers\Admin))
 8 SYSTEMPATH\CodeIgniter.php(368): CodeIgniter\CodeIgniter->handleRequest(null, Object(Config\Cache), false)
 9 FCPATH\index.php(67): CodeIgniter\CodeIgniter->run()
CRITICAL - 2023-05-08 02:53:03 --> Call to undefined method App\Models\ModeloProducto::ListadoProductos()
in APPPATH\Controllers\Admin.php on line 255.
 1 SYSTEMPATH\CodeIgniter.php(934): App\Controllers\Admin->Producto('list', '0')
 2 SYSTEMPATH\CodeIgniter.php(499): CodeIgniter\CodeIgniter->runController(Object(App\Controllers\Admin))
 3 SYSTEMPATH\CodeIgniter.php(368): CodeIgniter\CodeIgniter->handleRequest(null, Object(Config\Cache), false)
 4 FCPATH\index.php(67): CodeIgniter\CodeIgniter->run()
CRITICAL - 2023-05-08 02:53:05 --> Call to undefined method App\Models\ModeloProducto::ListadoProductos()
in APPPATH\Controllers\Admin.php on line 255.
 1 SYSTEMPATH\CodeIgniter.php(934): App\Controllers\Admin->Producto('list', '0')
 2 SYSTEMPATH\CodeIgniter.php(499): CodeIgniter\CodeIgniter->runController(Object(App\Controllers\Admin))
 3 SYSTEMPATH\CodeIgniter.php(368): CodeIgniter\CodeIgniter->handleRequest(null, Object(Config\Cache), false)
 4 FCPATH\index.php(67): CodeIgniter\CodeIgniter->run()
CRITICAL - 2023-05-08 02:56:30 --> Undefined variable $ListaUsuario_item
in APPPATH\Views\admin\producto\ListaProducto.php on line 69.
 1 APPPATH\Views\admin\producto\ListaProducto.php(69): CodeIgniter\Debug\Exceptions->errorHandler(2, 'Undefined variable $ListaUsuario_item', 'C:\\xampp\\htdocs\\SistemaFrutal\\app\\Views\\admin\\producto\\ListaProducto.php', 69)
 2 SYSTEMPATH\View\View.php(213): include('C:\\xampp\\htdocs\\SistemaFrutal\\app\\Views\\admin\\producto\\ListaProducto.php')
 3 SYSTEMPATH\View\View.php(216): CodeIgniter\View\View->CodeIgniter\View\{closure}()
 4 SYSTEMPATH\Common.php(1184): CodeIgniter\View\View->render('admin/producto/ListaProducto.php', [], true)
 5 APPPATH\Controllers\Admin.php(259): view('admin/producto/ListaProducto.php', [...])
 6 SYSTEMPATH\CodeIgniter.php(934): App\Controllers\Admin->Producto('list', '0')
 7 SYSTEMPATH\CodeIgniter.php(499): CodeIgniter\CodeIgniter->runController(Object(App\Controllers\Admin))
 8 SYSTEMPATH\CodeIgniter.php(368): CodeIgniter\CodeIgniter->handleRequest(null, Object(Config\Cache), false)
 9 FCPATH\index.php(67): CodeIgniter\CodeIgniter->run()
CRITICAL - 2023-05-08 02:56:31 --> Undefined variable $ListaUsuario_item
in APPPATH\Views\admin\producto\ListaProducto.php on line 69.
 1 APPPATH\Views\admin\producto\ListaProducto.php(69): CodeIgniter\Debug\Exceptions->errorHandler(2, 'Undefined variable $ListaUsuario_item', 'C:\\xampp\\htdocs\\SistemaFrutal\\app\\Views\\admin\\producto\\ListaProducto.php', 69)
 2 SYSTEMPATH\View\View.php(213): include('C:\\xampp\\htdocs\\SistemaFrutal\\app\\Views\\admin\\producto\\ListaProducto.php')
 3 SYSTEMPATH\View\View.php(216): CodeIgniter\View\View->CodeIgniter\View\{closure}()
 4 SYSTEMPATH\Common.php(1184): CodeIgniter\View\View->render('admin/producto/ListaProducto.php', [], true)
 5 APPPATH\Controllers\Admin.php(259): view('admin/producto/ListaProducto.php', [...])
 6 SYSTEMPATH\CodeIgniter.php(934): App\Controllers\Admin->Producto('list', '0')
 7 SYSTEMPATH\CodeIgniter.php(499): CodeIgniter\CodeIgniter->runController(Object(App\Controllers\Admin))
 8 SYSTEMPATH\CodeIgniter.php(368): CodeIgniter\CodeIgniter->handleRequest(null, Object(Config\Cache), false)
 9 FCPATH\index.php(67): CodeIgniter\CodeIgniter->run()
