CRITICAL - 2023-05-09 02:15:24 --> Undefined array key 9
in APPPATH\Views\admin\producto\FormProducto.php on line 96.
 1 APPPATH\Views\admin\producto\FormProducto.php(96): CodeIgniter\Debug\Exceptions->errorHandler(2, 'Undefined array key 9', 'C:\\xampp\\htdocs\\SistemaFrutal\\app\\Views\\admin\\producto\\FormProducto.php', 96)
 2 SYSTEMPATH\View\View.php(213): include('C:\\xampp\\htdocs\\SistemaFrutal\\app\\Views\\admin\\producto\\FormProducto.php')
 3 SYSTEMPATH\View\View.php(216): CodeIgniter\View\View->CodeIgniter\View\{closure}()
 4 SYSTEMPATH\Common.php(1184): CodeIgniter\View\View->render('admin/producto/FormProducto.php', [], true)
 5 APPPATH\Controllers\Admin.php(287): view('admin/producto/FormProducto.php', [...])
 6 SYSTEMPATH\CodeIgniter.php(934): App\Controllers\Admin->Producto('edit', '1')
 7 SYSTEMPATH\CodeIgniter.php(499): CodeIgniter\CodeIgniter->runController(Object(App\Controllers\Admin))
 8 SYSTEMPATH\CodeIgniter.php(368): CodeIgniter\CodeIgniter->handleRequest(null, Object(Config\Cache), false)
 9 FCPATH\index.php(67): CodeIgniter\CodeIgniter->run()
CRITICAL - 2023-05-09 02:15:25 --> Undefined array key 9
in APPPATH\Views\admin\producto\FormProducto.php on line 96.
 1 APPPATH\Views\admin\producto\FormProducto.php(96): CodeIgniter\Debug\Exceptions->errorHandler(2, 'Undefined array key 9', 'C:\\xampp\\htdocs\\SistemaFrutal\\app\\Views\\admin\\producto\\FormProducto.php', 96)
 2 SYSTEMPATH\View\View.php(213): include('C:\\xampp\\htdocs\\SistemaFrutal\\app\\Views\\admin\\producto\\FormProducto.php')
 3 SYSTEMPATH\View\View.php(216): CodeIgniter\View\View->CodeIgniter\View\{closure}()
 4 SYSTEMPATH\Common.php(1184): CodeIgniter\View\View->render('admin/producto/FormProducto.php', [], true)
 5 APPPATH\Controllers\Admin.php(287): view('admin/producto/FormProducto.php', [...])
 6 SYSTEMPATH\CodeIgniter.php(934): App\Controllers\Admin->Producto('edit', '1')
 7 SYSTEMPATH\CodeIgniter.php(499): CodeIgniter\CodeIgniter->runController(Object(App\Controllers\Admin))
 8 SYSTEMPATH\CodeIgniter.php(368): CodeIgniter\CodeIgniter->handleRequest(null, Object(Config\Cache), false)
 9 FCPATH\index.php(67): CodeIgniter\CodeIgniter->run()
CRITICAL - 2023-05-09 02:15:36 --> Undefined array key 6
in APPPATH\Views\admin\producto\FormProducto.php on line 77.
 1 APPPATH\Views\admin\producto\FormProducto.php(77): CodeIgniter\Debug\Exceptions->errorHandler(2, 'Undefined array key 6', 'C:\\xampp\\htdocs\\SistemaFrutal\\app\\Views\\admin\\producto\\FormProducto.php', 77)
 2 SYSTEMPATH\View\View.php(213): include('C:\\xampp\\htdocs\\SistemaFrutal\\app\\Views\\admin\\producto\\FormProducto.php')
 3 SYSTEMPATH\View\View.php(216): CodeIgniter\View\View->CodeIgniter\View\{closure}()
 4 SYSTEMPATH\Common.php(1184): CodeIgniter\View\View->render('admin/producto/FormProducto.php', [], true)
 5 APPPATH\Controllers\Admin.php(273): view('admin/producto/FormProducto.php', [...])
 6 SYSTEMPATH\CodeIgniter.php(934): App\Controllers\Admin->Producto('create', '0')
 7 SYSTEMPATH\CodeIgniter.php(499): CodeIgniter\CodeIgniter->runController(Object(App\Controllers\Admin))
 8 SYSTEMPATH\CodeIgniter.php(368): CodeIgniter\CodeIgniter->handleRequest(null, Object(Config\Cache), false)
 9 FCPATH\index.php(67): CodeIgniter\CodeIgniter->run()
CRITICAL - 2023-05-09 02:15:38 --> Undefined array key 6
in APPPATH\Views\admin\producto\FormProducto.php on line 77.
 1 APPPATH\Views\admin\producto\FormProducto.php(77): CodeIgniter\Debug\Exceptions->errorHandler(2, 'Undefined array key 6', 'C:\\xampp\\htdocs\\SistemaFrutal\\app\\Views\\admin\\producto\\FormProducto.php', 77)
 2 SYSTEMPATH\View\View.php(213): include('C:\\xampp\\htdocs\\SistemaFrutal\\app\\Views\\admin\\producto\\FormProducto.php')
 3 SYSTEMPATH\View\View.php(216): CodeIgniter\View\View->CodeIgniter\View\{closure}()
 4 SYSTEMPATH\Common.php(1184): CodeIgniter\View\View->render('admin/producto/FormProducto.php', [], true)
 5 APPPATH\Controllers\Admin.php(273): view('admin/producto/FormProducto.php', [...])
 6 SYSTEMPATH\CodeIgniter.php(934): App\Controllers\Admin->Producto('create', '0')
 7 SYSTEMPATH\CodeIgniter.php(499): CodeIgniter\CodeIgniter->runController(Object(App\Controllers\Admin))
 8 SYSTEMPATH\CodeIgniter.php(368): CodeIgniter\CodeIgniter->handleRequest(null, Object(Config\Cache), false)
 9 FCPATH\index.php(67): CodeIgniter\CodeIgniter->run()
CRITICAL - 2023-05-09 02:18:15 --> Undefined array key 9
in APPPATH\Views\admin\producto\FormProducto.php on line 96.
 1 APPPATH\Views\admin\producto\FormProducto.php(96): CodeIgniter\Debug\Exceptions->errorHandler(2, 'Undefined array key 9', 'C:\\xampp\\htdocs\\SistemaFrutal\\app\\Views\\admin\\producto\\FormProducto.php', 96)
 2 SYSTEMPATH\View\View.php(213): include('C:\\xampp\\htdocs\\SistemaFrutal\\app\\Views\\admin\\producto\\FormProducto.php')
 3 SYSTEMPATH\View\View.php(216): CodeIgniter\View\View->CodeIgniter\View\{closure}()
 4 SYSTEMPATH\Common.php(1184): CodeIgniter\View\View->render('admin/producto/FormProducto.php', [], true)
 5 APPPATH\Controllers\Admin.php(290): view('admin/producto/FormProducto.php', [...])
 6 SYSTEMPATH\CodeIgniter.php(934): App\Controllers\Admin->Producto('edit', '1')
 7 SYSTEMPATH\CodeIgniter.php(499): CodeIgniter\CodeIgniter->runController(Object(App\Controllers\Admin))
 8 SYSTEMPATH\CodeIgniter.php(368): CodeIgniter\CodeIgniter->handleRequest(null, Object(Config\Cache), false)
 9 FCPATH\index.php(67): CodeIgniter\CodeIgniter->run()
CRITICAL - 2023-05-09 02:18:16 --> Undefined array key 6
in APPPATH\Views\admin\producto\FormProducto.php on line 77.
 1 APPPATH\Views\admin\producto\FormProducto.php(77): CodeIgniter\Debug\Exceptions->errorHandler(2, 'Undefined array key 6', 'C:\\xampp\\htdocs\\SistemaFrutal\\app\\Views\\admin\\producto\\FormProducto.php', 77)
 2 SYSTEMPATH\View\View.php(213): include('C:\\xampp\\htdocs\\SistemaFrutal\\app\\Views\\admin\\producto\\FormProducto.php')
 3 SYSTEMPATH\View\View.php(216): CodeIgniter\View\View->CodeIgniter\View\{closure}()
 4 SYSTEMPATH\Common.php(1184): CodeIgniter\View\View->render('admin/producto/FormProducto.php', [], true)
 5 APPPATH\Controllers\Admin.php(273): view('admin/producto/FormProducto.php', [...])
 6 SYSTEMPATH\CodeIgniter.php(934): App\Controllers\Admin->Producto('create', '0')
 7 SYSTEMPATH\CodeIgniter.php(499): CodeIgniter\CodeIgniter->runController(Object(App\Controllers\Admin))
 8 SYSTEMPATH\CodeIgniter.php(368): CodeIgniter\CodeIgniter->handleRequest(null, Object(Config\Cache), false)
 9 FCPATH\index.php(67): CodeIgniter\CodeIgniter->run()
CRITICAL - 2023-05-09 02:18:16 --> Undefined array key 6
in APPPATH\Views\admin\producto\FormProducto.php on line 77.
 1 APPPATH\Views\admin\producto\FormProducto.php(77): CodeIgniter\Debug\Exceptions->errorHandler(2, 'Undefined array key 6', 'C:\\xampp\\htdocs\\SistemaFrutal\\app\\Views\\admin\\producto\\FormProducto.php', 77)
 2 SYSTEMPATH\View\View.php(213): include('C:\\xampp\\htdocs\\SistemaFrutal\\app\\Views\\admin\\producto\\FormProducto.php')
 3 SYSTEMPATH\View\View.php(216): CodeIgniter\View\View->CodeIgniter\View\{closure}()
 4 SYSTEMPATH\Common.php(1184): CodeIgniter\View\View->render('admin/producto/FormProducto.php', [], true)
 5 APPPATH\Controllers\Admin.php(273): view('admin/producto/FormProducto.php', [...])
 6 SYSTEMPATH\CodeIgniter.php(934): App\Controllers\Admin->Producto('create', '0')
 7 SYSTEMPATH\CodeIgniter.php(499): CodeIgniter\CodeIgniter->runController(Object(App\Controllers\Admin))
 8 SYSTEMPATH\CodeIgniter.php(368): CodeIgniter\CodeIgniter->handleRequest(null, Object(Config\Cache), false)
 9 FCPATH\index.php(67): CodeIgniter\CodeIgniter->run()
CRITICAL - 2023-05-09 02:18:16 --> Undefined array key 6
in APPPATH\Views\admin\producto\FormProducto.php on line 77.
 1 APPPATH\Views\admin\producto\FormProducto.php(77): CodeIgniter\Debug\Exceptions->errorHandler(2, 'Undefined array key 6', 'C:\\xampp\\htdocs\\SistemaFrutal\\app\\Views\\admin\\producto\\FormProducto.php', 77)
 2 SYSTEMPATH\View\View.php(213): include('C:\\xampp\\htdocs\\SistemaFrutal\\app\\Views\\admin\\producto\\FormProducto.php')
 3 SYSTEMPATH\View\View.php(216): CodeIgniter\View\View->CodeIgniter\View\{closure}()
 4 SYSTEMPATH\Common.php(1184): CodeIgniter\View\View->render('admin/producto/FormProducto.php', [], true)
 5 APPPATH\Controllers\Admin.php(273): view('admin/producto/FormProducto.php', [...])
 6 SYSTEMPATH\CodeIgniter.php(934): App\Controllers\Admin->Producto('create', '0')
 7 SYSTEMPATH\CodeIgniter.php(499): CodeIgniter\CodeIgniter->runController(Object(App\Controllers\Admin))
 8 SYSTEMPATH\CodeIgniter.php(368): CodeIgniter\CodeIgniter->handleRequest(null, Object(Config\Cache), false)
 9 FCPATH\index.php(67): CodeIgniter\CodeIgniter->run()
CRITICAL - 2023-05-09 02:18:38 --> Undefined array key 6
in APPPATH\Views\admin\producto\FormProducto.php on line 77.
 1 APPPATH\Views\admin\producto\FormProducto.php(77): CodeIgniter\Debug\Exceptions->errorHandler(2, 'Undefined array key 6', 'C:\\xampp\\htdocs\\SistemaFrutal\\app\\Views\\admin\\producto\\FormProducto.php', 77)
 2 SYSTEMPATH\View\View.php(213): include('C:\\xampp\\htdocs\\SistemaFrutal\\app\\Views\\admin\\producto\\FormProducto.php')
 3 SYSTEMPATH\View\View.php(216): CodeIgniter\View\View->CodeIgniter\View\{closure}()
 4 SYSTEMPATH\Common.php(1184): CodeIgniter\View\View->render('admin/producto/FormProducto.php', [], true)
 5 APPPATH\Controllers\Admin.php(273): view('admin/producto/FormProducto.php', [...])
 6 SYSTEMPATH\CodeIgniter.php(934): App\Controllers\Admin->Producto('create', '0')
 7 SYSTEMPATH\CodeIgniter.php(499): CodeIgniter\CodeIgniter->runController(Object(App\Controllers\Admin))
 8 SYSTEMPATH\CodeIgniter.php(368): CodeIgniter\CodeIgniter->handleRequest(null, Object(Config\Cache), false)
 9 FCPATH\index.php(67): CodeIgniter\CodeIgniter->run()
CRITICAL - 2023-05-09 02:18:52 --> Undefined array key 10
in APPPATH\Views\admin\producto\FormProducto.php on line 36.
 1 APPPATH\Views\admin\producto\FormProducto.php(36): CodeIgniter\Debug\Exceptions->errorHandler(2, 'Undefined array key 10', 'C:\\xampp\\htdocs\\SistemaFrutal\\app\\Views\\admin\\producto\\FormProducto.php', 36)
 2 SYSTEMPATH\View\View.php(213): include('C:\\xampp\\htdocs\\SistemaFrutal\\app\\Views\\admin\\producto\\FormProducto.php')
 3 SYSTEMPATH\View\View.php(216): CodeIgniter\View\View->CodeIgniter\View\{closure}()
 4 SYSTEMPATH\Common.php(1184): CodeIgniter\View\View->render('admin/producto/FormProducto.php', [], true)
 5 APPPATH\Controllers\Admin.php(290): view('admin/producto/FormProducto.php', [...])
 6 SYSTEMPATH\CodeIgniter.php(934): App\Controllers\Admin->Producto('edit', '1')
 7 SYSTEMPATH\CodeIgniter.php(499): CodeIgniter\CodeIgniter->runController(Object(App\Controllers\Admin))
 8 SYSTEMPATH\CodeIgniter.php(368): CodeIgniter\CodeIgniter->handleRequest(null, Object(Config\Cache), false)
 9 FCPATH\index.php(67): CodeIgniter\CodeIgniter->run()
CRITICAL - 2023-05-09 02:18:54 --> Undefined array key 10
in APPPATH\Views\admin\producto\FormProducto.php on line 36.
 1 APPPATH\Views\admin\producto\FormProducto.php(36): CodeIgniter\Debug\Exceptions->errorHandler(2, 'Undefined array key 10', 'C:\\xampp\\htdocs\\SistemaFrutal\\app\\Views\\admin\\producto\\FormProducto.php', 36)
 2 SYSTEMPATH\View\View.php(213): include('C:\\xampp\\htdocs\\SistemaFrutal\\app\\Views\\admin\\producto\\FormProducto.php')
 3 SYSTEMPATH\View\View.php(216): CodeIgniter\View\View->CodeIgniter\View\{closure}()
 4 SYSTEMPATH\Common.php(1184): CodeIgniter\View\View->render('admin/producto/FormProducto.php', [], true)
 5 APPPATH\Controllers\Admin.php(290): view('admin/producto/FormProducto.php', [...])
 6 SYSTEMPATH\CodeIgniter.php(934): App\Controllers\Admin->Producto('edit', '1')
 7 SYSTEMPATH\CodeIgniter.php(499): CodeIgniter\CodeIgniter->runController(Object(App\Controllers\Admin))
 8 SYSTEMPATH\CodeIgniter.php(368): CodeIgniter\CodeIgniter->handleRequest(null, Object(Config\Cache), false)
 9 FCPATH\index.php(67): CodeIgniter\CodeIgniter->run()
CRITICAL - 2023-05-09 02:18:54 --> Undefined array key 10
in APPPATH\Views\admin\producto\FormProducto.php on line 36.
 1 APPPATH\Views\admin\producto\FormProducto.php(36): CodeIgniter\Debug\Exceptions->errorHandler(2, 'Undefined array key 10', 'C:\\xampp\\htdocs\\SistemaFrutal\\app\\Views\\admin\\producto\\FormProducto.php', 36)
 2 SYSTEMPATH\View\View.php(213): include('C:\\xampp\\htdocs\\SistemaFrutal\\app\\Views\\admin\\producto\\FormProducto.php')
 3 SYSTEMPATH\View\View.php(216): CodeIgniter\View\View->CodeIgniter\View\{closure}()
 4 SYSTEMPATH\Common.php(1184): CodeIgniter\View\View->render('admin/producto/FormProducto.php', [], true)
 5 APPPATH\Controllers\Admin.php(290): view('admin/producto/FormProducto.php', [...])
 6 SYSTEMPATH\CodeIgniter.php(934): App\Controllers\Admin->Producto('edit', '1')
 7 SYSTEMPATH\CodeIgniter.php(499): CodeIgniter\CodeIgniter->runController(Object(App\Controllers\Admin))
 8 SYSTEMPATH\CodeIgniter.php(368): CodeIgniter\CodeIgniter->handleRequest(null, Object(Config\Cache), false)
 9 FCPATH\index.php(67): CodeIgniter\CodeIgniter->run()
CRITICAL - 2023-05-09 02:18:54 --> Undefined array key 10
in APPPATH\Views\admin\producto\FormProducto.php on line 36.
 1 APPPATH\Views\admin\producto\FormProducto.php(36): CodeIgniter\Debug\Exceptions->errorHandler(2, 'Undefined array key 10', 'C:\\xampp\\htdocs\\SistemaFrutal\\app\\Views\\admin\\producto\\FormProducto.php', 36)
 2 SYSTEMPATH\View\View.php(213): include('C:\\xampp\\htdocs\\SistemaFrutal\\app\\Views\\admin\\producto\\FormProducto.php')
 3 SYSTEMPATH\View\View.php(216): CodeIgniter\View\View->CodeIgniter\View\{closure}()
 4 SYSTEMPATH\Common.php(1184): CodeIgniter\View\View->render('admin/producto/FormProducto.php', [], true)
 5 APPPATH\Controllers\Admin.php(290): view('admin/producto/FormProducto.php', [...])
 6 SYSTEMPATH\CodeIgniter.php(934): App\Controllers\Admin->Producto('edit', '1')
 7 SYSTEMPATH\CodeIgniter.php(499): CodeIgniter\CodeIgniter->runController(Object(App\Controllers\Admin))
 8 SYSTEMPATH\CodeIgniter.php(368): CodeIgniter\CodeIgniter->handleRequest(null, Object(Config\Cache), false)
 9 FCPATH\index.php(67): CodeIgniter\CodeIgniter->run()
CRITICAL - 2023-05-09 02:19:14 --> Undefined array key 10
in APPPATH\Views\admin\producto\FormProducto.php on line 36.
 1 APPPATH\Views\admin\producto\FormProducto.php(36): CodeIgniter\Debug\Exceptions->errorHandler(2, 'Undefined array key 10', 'C:\\xampp\\htdocs\\SistemaFrutal\\app\\Views\\admin\\producto\\FormProducto.php', 36)
 2 SYSTEMPATH\View\View.php(213): include('C:\\xampp\\htdocs\\SistemaFrutal\\app\\Views\\admin\\producto\\FormProducto.php')
 3 SYSTEMPATH\View\View.php(216): CodeIgniter\View\View->CodeIgniter\View\{closure}()
 4 SYSTEMPATH\Common.php(1184): CodeIgniter\View\View->render('admin/producto/FormProducto.php', [], true)
 5 APPPATH\Controllers\Admin.php(290): view('admin/producto/FormProducto.php', [...])
 6 SYSTEMPATH\CodeIgniter.php(934): App\Controllers\Admin->Producto('edit', '1')
 7 SYSTEMPATH\CodeIgniter.php(499): CodeIgniter\CodeIgniter->runController(Object(App\Controllers\Admin))
 8 SYSTEMPATH\CodeIgniter.php(368): CodeIgniter\CodeIgniter->handleRequest(null, Object(Config\Cache), false)
 9 FCPATH\index.php(67): CodeIgniter\CodeIgniter->run()
CRITICAL - 2023-05-09 02:24:29 --> Undefined array key 6
in APPPATH\Views\admin\producto\FormProducto.php on line 77.
 1 APPPATH\Views\admin\producto\FormProducto.php(77): CodeIgniter\Debug\Exceptions->errorHandler(2, 'Undefined array key 6', 'C:\\xampp\\htdocs\\SistemaFrutal\\app\\Views\\admin\\producto\\FormProducto.php', 77)
 2 SYSTEMPATH\View\View.php(213): include('C:\\xampp\\htdocs\\SistemaFrutal\\app\\Views\\admin\\producto\\FormProducto.php')
 3 SYSTEMPATH\View\View.php(216): CodeIgniter\View\View->CodeIgniter\View\{closure}()
 4 SYSTEMPATH\Common.php(1184): CodeIgniter\View\View->render('admin/producto/FormProducto.php', [], true)
 5 APPPATH\Controllers\Admin.php(273): view('admin/producto/FormProducto.php', [...])
 6 SYSTEMPATH\CodeIgniter.php(934): App\Controllers\Admin->Producto('create', '0')
 7 SYSTEMPATH\CodeIgniter.php(499): CodeIgniter\CodeIgniter->runController(Object(App\Controllers\Admin))
 8 SYSTEMPATH\CodeIgniter.php(368): CodeIgniter\CodeIgniter->handleRequest(null, Object(Config\Cache), false)
 9 FCPATH\index.php(67): CodeIgniter\CodeIgniter->run()
CRITICAL - 2023-05-09 02:24:31 --> Undefined array key 6
in APPPATH\Views\admin\producto\FormProducto.php on line 77.
 1 APPPATH\Views\admin\producto\FormProducto.php(77): CodeIgniter\Debug\Exceptions->errorHandler(2, 'Undefined array key 6', 'C:\\xampp\\htdocs\\SistemaFrutal\\app\\Views\\admin\\producto\\FormProducto.php', 77)
 2 SYSTEMPATH\View\View.php(213): include('C:\\xampp\\htdocs\\SistemaFrutal\\app\\Views\\admin\\producto\\FormProducto.php')
 3 SYSTEMPATH\View\View.php(216): CodeIgniter\View\View->CodeIgniter\View\{closure}()
 4 SYSTEMPATH\Common.php(1184): CodeIgniter\View\View->render('admin/producto/FormProducto.php', [], true)
 5 APPPATH\Controllers\Admin.php(273): view('admin/producto/FormProducto.php', [...])
 6 SYSTEMPATH\CodeIgniter.php(934): App\Controllers\Admin->Producto('create', '0')
 7 SYSTEMPATH\CodeIgniter.php(499): CodeIgniter\CodeIgniter->runController(Object(App\Controllers\Admin))
 8 SYSTEMPATH\CodeIgniter.php(368): CodeIgniter\CodeIgniter->handleRequest(null, Object(Config\Cache), false)
 9 FCPATH\index.php(67): CodeIgniter\CodeIgniter->run()
CRITICAL - 2023-05-09 02:24:34 --> Undefined array key 6
in APPPATH\Views\admin\producto\FormProducto.php on line 77.
 1 APPPATH\Views\admin\producto\FormProducto.php(77): CodeIgniter\Debug\Exceptions->errorHandler(2, 'Undefined array key 6', 'C:\\xampp\\htdocs\\SistemaFrutal\\app\\Views\\admin\\producto\\FormProducto.php', 77)
 2 SYSTEMPATH\View\View.php(213): include('C:\\xampp\\htdocs\\SistemaFrutal\\app\\Views\\admin\\producto\\FormProducto.php')
 3 SYSTEMPATH\View\View.php(216): CodeIgniter\View\View->CodeIgniter\View\{closure}()
 4 SYSTEMPATH\Common.php(1184): CodeIgniter\View\View->render('admin/producto/FormProducto.php', [], true)
 5 APPPATH\Controllers\Admin.php(273): view('admin/producto/FormProducto.php', [...])
 6 SYSTEMPATH\CodeIgniter.php(934): App\Controllers\Admin->Producto('create', '0')
 7 SYSTEMPATH\CodeIgniter.php(499): CodeIgniter\CodeIgniter->runController(Object(App\Controllers\Admin))
 8 SYSTEMPATH\CodeIgniter.php(368): CodeIgniter\CodeIgniter->handleRequest(null, Object(Config\Cache), false)
 9 FCPATH\index.php(67): CodeIgniter\CodeIgniter->run()
CRITICAL - 2023-05-09 02:25:01 --> Undefined array key 6
in APPPATH\Views\admin\producto\FormProducto.php on line 77.
 1 APPPATH\Views\admin\producto\FormProducto.php(77): CodeIgniter\Debug\Exceptions->errorHandler(2, 'Undefined array key 6', 'C:\\xampp\\htdocs\\SistemaFrutal\\app\\Views\\admin\\producto\\FormProducto.php', 77)
 2 SYSTEMPATH\View\View.php(213): include('C:\\xampp\\htdocs\\SistemaFrutal\\app\\Views\\admin\\producto\\FormProducto.php')
 3 SYSTEMPATH\View\View.php(216): CodeIgniter\View\View->CodeIgniter\View\{closure}()
 4 SYSTEMPATH\Common.php(1184): CodeIgniter\View\View->render('admin/producto/FormProducto.php', [], true)
 5 APPPATH\Controllers\Admin.php(273): view('admin/producto/FormProducto.php', [...])
 6 SYSTEMPATH\CodeIgniter.php(934): App\Controllers\Admin->Producto('create', '0')
 7 SYSTEMPATH\CodeIgniter.php(499): CodeIgniter\CodeIgniter->runController(Object(App\Controllers\Admin))
 8 SYSTEMPATH\CodeIgniter.php(368): CodeIgniter\CodeIgniter->handleRequest(null, Object(Config\Cache), false)
 9 FCPATH\index.php(67): CodeIgniter\CodeIgniter->run()
CRITICAL - 2023-05-09 02:25:02 --> Undefined array key 6
in APPPATH\Views\admin\producto\FormProducto.php on line 77.
 1 APPPATH\Views\admin\producto\FormProducto.php(77): CodeIgniter\Debug\Exceptions->errorHandler(2, 'Undefined array key 6', 'C:\\xampp\\htdocs\\SistemaFrutal\\app\\Views\\admin\\producto\\FormProducto.php', 77)
 2 SYSTEMPATH\View\View.php(213): include('C:\\xampp\\htdocs\\SistemaFrutal\\app\\Views\\admin\\producto\\FormProducto.php')
 3 SYSTEMPATH\View\View.php(216): CodeIgniter\View\View->CodeIgniter\View\{closure}()
 4 SYSTEMPATH\Common.php(1184): CodeIgniter\View\View->render('admin/producto/FormProducto.php', [], true)
 5 APPPATH\Controllers\Admin.php(273): view('admin/producto/FormProducto.php', [...])
 6 SYSTEMPATH\CodeIgniter.php(934): App\Controllers\Admin->Producto('create', '0')
 7 SYSTEMPATH\CodeIgniter.php(499): CodeIgniter\CodeIgniter->runController(Object(App\Controllers\Admin))
 8 SYSTEMPATH\CodeIgniter.php(368): CodeIgniter\CodeIgniter->handleRequest(null, Object(Config\Cache), false)
 9 FCPATH\index.php(67): CodeIgniter\CodeIgniter->run()
CRITICAL - 2023-05-09 02:25:03 --> Undefined array key 6
in APPPATH\Views\admin\producto\FormProducto.php on line 77.
 1 APPPATH\Views\admin\producto\FormProducto.php(77): CodeIgniter\Debug\Exceptions->errorHandler(2, 'Undefined array key 6', 'C:\\xampp\\htdocs\\SistemaFrutal\\app\\Views\\admin\\producto\\FormProducto.php', 77)
 2 SYSTEMPATH\View\View.php(213): include('C:\\xampp\\htdocs\\SistemaFrutal\\app\\Views\\admin\\producto\\FormProducto.php')
 3 SYSTEMPATH\View\View.php(216): CodeIgniter\View\View->CodeIgniter\View\{closure}()
 4 SYSTEMPATH\Common.php(1184): CodeIgniter\View\View->render('admin/producto/FormProducto.php', [], true)
 5 APPPATH\Controllers\Admin.php(273): view('admin/producto/FormProducto.php', [...])
 6 SYSTEMPATH\CodeIgniter.php(934): App\Controllers\Admin->Producto('create', '0')
 7 SYSTEMPATH\CodeIgniter.php(499): CodeIgniter\CodeIgniter->runController(Object(App\Controllers\Admin))
 8 SYSTEMPATH\CodeIgniter.php(368): CodeIgniter\CodeIgniter->handleRequest(null, Object(Config\Cache), false)
 9 FCPATH\index.php(67): CodeIgniter\CodeIgniter->run()
CRITICAL - 2023-05-09 02:25:03 --> Undefined array key 6
in APPPATH\Views\admin\producto\FormProducto.php on line 77.
 1 APPPATH\Views\admin\producto\FormProducto.php(77): CodeIgniter\Debug\Exceptions->errorHandler(2, 'Undefined array key 6', 'C:\\xampp\\htdocs\\SistemaFrutal\\app\\Views\\admin\\producto\\FormProducto.php', 77)
 2 SYSTEMPATH\View\View.php(213): include('C:\\xampp\\htdocs\\SistemaFrutal\\app\\Views\\admin\\producto\\FormProducto.php')
 3 SYSTEMPATH\View\View.php(216): CodeIgniter\View\View->CodeIgniter\View\{closure}()
 4 SYSTEMPATH\Common.php(1184): CodeIgniter\View\View->render('admin/producto/FormProducto.php', [], true)
 5 APPPATH\Controllers\Admin.php(273): view('admin/producto/FormProducto.php', [...])
 6 SYSTEMPATH\CodeIgniter.php(934): App\Controllers\Admin->Producto('create', '0')
 7 SYSTEMPATH\CodeIgniter.php(499): CodeIgniter\CodeIgniter->runController(Object(App\Controllers\Admin))
 8 SYSTEMPATH\CodeIgniter.php(368): CodeIgniter\CodeIgniter->handleRequest(null, Object(Config\Cache), false)
 9 FCPATH\index.php(67): CodeIgniter\CodeIgniter->run()
CRITICAL - 2023-05-09 02:25:08 --> Undefined array key 6
in APPPATH\Views\admin\producto\FormProducto.php on line 77.
 1 APPPATH\Views\admin\producto\FormProducto.php(77): CodeIgniter\Debug\Exceptions->errorHandler(2, 'Undefined array key 6', 'C:\\xampp\\htdocs\\SistemaFrutal\\app\\Views\\admin\\producto\\FormProducto.php', 77)
 2 SYSTEMPATH\View\View.php(213): include('C:\\xampp\\htdocs\\SistemaFrutal\\app\\Views\\admin\\producto\\FormProducto.php')
 3 SYSTEMPATH\View\View.php(216): CodeIgniter\View\View->CodeIgniter\View\{closure}()
 4 SYSTEMPATH\Common.php(1184): CodeIgniter\View\View->render('admin/producto/FormProducto.php', [], true)
 5 APPPATH\Controllers\Admin.php(273): view('admin/producto/FormProducto.php', [...])
 6 SYSTEMPATH\CodeIgniter.php(934): App\Controllers\Admin->Producto('create', '0')
 7 SYSTEMPATH\CodeIgniter.php(499): CodeIgniter\CodeIgniter->runController(Object(App\Controllers\Admin))
 8 SYSTEMPATH\CodeIgniter.php(368): CodeIgniter\CodeIgniter->handleRequest(null, Object(Config\Cache), false)
 9 FCPATH\index.php(67): CodeIgniter\CodeIgniter->run()
CRITICAL - 2023-05-09 02:25:42 --> Undefined array key 6
in APPPATH\Views\admin\producto\FormProducto.php on line 77.
 1 APPPATH\Views\admin\producto\FormProducto.php(77): CodeIgniter\Debug\Exceptions->errorHandler(2, 'Undefined array key 6', 'C:\\xampp\\htdocs\\SistemaFrutal\\app\\Views\\admin\\producto\\FormProducto.php', 77)
 2 SYSTEMPATH\View\View.php(213): include('C:\\xampp\\htdocs\\SistemaFrutal\\app\\Views\\admin\\producto\\FormProducto.php')
 3 SYSTEMPATH\View\View.php(216): CodeIgniter\View\View->CodeIgniter\View\{closure}()
 4 SYSTEMPATH\Common.php(1184): CodeIgniter\View\View->render('admin/producto/FormProducto.php', [], true)
 5 APPPATH\Controllers\Admin.php(273): view('admin/producto/FormProducto.php', [...])
 6 SYSTEMPATH\CodeIgniter.php(934): App\Controllers\Admin->Producto('create', '0')
 7 SYSTEMPATH\CodeIgniter.php(499): CodeIgniter\CodeIgniter->runController(Object(App\Controllers\Admin))
 8 SYSTEMPATH\CodeIgniter.php(368): CodeIgniter\CodeIgniter->handleRequest(null, Object(Config\Cache), false)
 9 FCPATH\index.php(67): CodeIgniter\CodeIgniter->run()
CRITICAL - 2023-05-09 02:25:44 --> Undefined array key 6
in APPPATH\Views\admin\producto\FormProducto.php on line 77.
 1 APPPATH\Views\admin\producto\FormProducto.php(77): CodeIgniter\Debug\Exceptions->errorHandler(2, 'Undefined array key 6', 'C:\\xampp\\htdocs\\SistemaFrutal\\app\\Views\\admin\\producto\\FormProducto.php', 77)
 2 SYSTEMPATH\View\View.php(213): include('C:\\xampp\\htdocs\\SistemaFrutal\\app\\Views\\admin\\producto\\FormProducto.php')
 3 SYSTEMPATH\View\View.php(216): CodeIgniter\View\View->CodeIgniter\View\{closure}()
 4 SYSTEMPATH\Common.php(1184): CodeIgniter\View\View->render('admin/producto/FormProducto.php', [], true)
 5 APPPATH\Controllers\Admin.php(273): view('admin/producto/FormProducto.php', [...])
 6 SYSTEMPATH\CodeIgniter.php(934): App\Controllers\Admin->Producto('create', '0')
 7 SYSTEMPATH\CodeIgniter.php(499): CodeIgniter\CodeIgniter->runController(Object(App\Controllers\Admin))
 8 SYSTEMPATH\CodeIgniter.php(368): CodeIgniter\CodeIgniter->handleRequest(null, Object(Config\Cache), false)
 9 FCPATH\index.php(67): CodeIgniter\CodeIgniter->run()
CRITICAL - 2023-05-09 02:26:39 --> Undefined array key 7
in APPPATH\Views\admin\producto\FormProducto.php on line 96.
 1 APPPATH\Views\admin\producto\FormProducto.php(96): CodeIgniter\Debug\Exceptions->errorHandler(2, 'Undefined array key 7', 'C:\\xampp\\htdocs\\SistemaFrutal\\app\\Views\\admin\\producto\\FormProducto.php', 96)
 2 SYSTEMPATH\View\View.php(213): include('C:\\xampp\\htdocs\\SistemaFrutal\\app\\Views\\admin\\producto\\FormProducto.php')
 3 SYSTEMPATH\View\View.php(216): CodeIgniter\View\View->CodeIgniter\View\{closure}()
 4 SYSTEMPATH\Common.php(1184): CodeIgniter\View\View->render('admin/producto/FormProducto.php', [], true)
 5 APPPATH\Controllers\Admin.php(273): view('admin/producto/FormProducto.php', [...])
 6 SYSTEMPATH\CodeIgniter.php(934): App\Controllers\Admin->Producto('create', '0')
 7 SYSTEMPATH\CodeIgniter.php(499): CodeIgniter\CodeIgniter->runController(Object(App\Controllers\Admin))
 8 SYSTEMPATH\CodeIgniter.php(368): CodeIgniter\CodeIgniter->handleRequest(null, Object(Config\Cache), false)
 9 FCPATH\index.php(67): CodeIgniter\CodeIgniter->run()
